<?xml version="1.0" encoding="UTF-8"?>
<coverage generated="1652204517307" clover="3.2.0">
  <project timestamp="1652204517307" name="All files">
    <metrics statements="366" coveredstatements="312" conditionals="225" coveredconditionals="154" methods="51" coveredmethods="49" elements="642" coveredelements="515" complexity="0" loc="366" ncloc="366" packages="1" files="2" classes="2"/>
    <file name="routes.js" path="C:\Users\lbt12\Documents\cis550-group-1\server\routes.js">
      <metrics statements="335" coveredstatements="281" conditionals="223" coveredconditionals="152" methods="50" coveredmethods="48"/>
      <line num="1" count="1" type="stmt"/>
      <line num="2" count="1" type="stmt"/>
      <line num="3" count="1" type="stmt"/>
      <line num="5" count="1" type="stmt"/>
      <line num="12" count="1" type="stmt"/>
      <line num="15" count="14" type="cond" truecount="1" falsecount="1"/>
      <line num="16" count="0" type="stmt"/>
      <line num="18" count="14" type="stmt"/>
      <line num="19" count="14" type="stmt"/>
      <line num="20" count="14" type="stmt"/>
      <line num="22" count="14" type="stmt"/>
      <line num="27" count="3" type="stmt"/>
      <line num="28" count="3" type="stmt"/>
      <line num="36" count="3" type="stmt"/>
      <line num="37" count="3" type="cond" truecount="2" falsecount="0"/>
      <line num="38" count="1" type="stmt"/>
      <line num="39" count="1" type="stmt"/>
      <line num="40" count="2" type="cond" truecount="1" falsecount="1"/>
      <line num="41" count="2" type="stmt"/>
      <line num="48" count="5" type="stmt"/>
      <line num="49" count="5" type="stmt"/>
      <line num="57" count="5" type="stmt"/>
      <line num="58" count="5" type="cond" truecount="2" falsecount="0"/>
      <line num="59" count="1" type="stmt"/>
      <line num="60" count="1" type="stmt"/>
      <line num="61" count="4" type="cond" truecount="1" falsecount="1"/>
      <line num="62" count="4" type="stmt"/>
      <line num="63" count="4" type="stmt"/>
      <line num="64" count="6" type="cond" truecount="2" falsecount="0"/>
      <line num="65" count="1" type="stmt"/>
      <line num="66" count="5" type="cond" truecount="2" falsecount="0"/>
      <line num="67" count="2" type="cond" truecount="2" falsecount="0"/>
      <line num="68" count="1" type="stmt"/>
      <line num="70" count="1" type="stmt"/>
      <line num="72" count="3" type="cond" truecount="2" falsecount="0"/>
      <line num="73" count="1" type="stmt"/>
      <line num="75" count="2" type="stmt"/>
      <line num="78" count="4" type="stmt"/>
      <line num="85" count="5" type="cond" truecount="1" falsecount="1"/>
      <line num="86" count="5" type="cond" truecount="1" falsecount="1"/>
      <line num="87" count="5" type="stmt"/>
      <line num="97" count="5" type="cond" truecount="4" falsecount="0"/>
      <line num="98" count="2" type="stmt"/>
      <line num="99" count="2" type="cond" truecount="2" falsecount="0"/>
      <line num="100" count="1" type="stmt"/>
      <line num="101" count="1" type="stmt"/>
      <line num="102" count="1" type="cond" truecount="1" falsecount="1"/>
      <line num="103" count="1" type="cond" truecount="1" falsecount="1"/>
      <line num="104" count="1" type="stmt"/>
      <line num="105" count="1" type="stmt"/>
      <line num="107" count="1" type="stmt"/>
      <line num="108" count="2" type="stmt"/>
      <line num="110" count="1" type="stmt"/>
      <line num="114" count="3" type="stmt"/>
      <line num="115" count="3" type="cond" truecount="2" falsecount="0"/>
      <line num="116" count="1" type="stmt"/>
      <line num="117" count="1" type="stmt"/>
      <line num="118" count="2" type="cond" truecount="1" falsecount="1"/>
      <line num="119" count="2" type="stmt"/>
      <line num="127" count="5" type="cond" truecount="1" falsecount="1"/>
      <line num="128" count="5" type="cond" truecount="2" falsecount="0"/>
      <line num="129" count="5" type="stmt"/>
      <line num="135" count="5" type="cond" truecount="4" falsecount="0"/>
      <line num="136" count="3" type="stmt"/>
      <line num="137" count="3" type="cond" truecount="1" falsecount="1"/>
      <line num="138" count="0" type="stmt"/>
      <line num="139" count="0" type="stmt"/>
      <line num="140" count="3" type="cond" truecount="1" falsecount="1"/>
      <line num="141" count="3" type="cond" truecount="2" falsecount="0"/>
      <line num="142" count="3" type="stmt"/>
      <line num="143" count="3" type="stmt"/>
      <line num="145" count="3" type="stmt"/>
      <line num="146" count="22" type="stmt"/>
      <line num="148" count="3" type="stmt"/>
      <line num="152" count="2" type="stmt"/>
      <line num="153" count="2" type="cond" truecount="1" falsecount="1"/>
      <line num="154" count="0" type="stmt"/>
      <line num="155" count="0" type="stmt"/>
      <line num="156" count="2" type="cond" truecount="1" falsecount="1"/>
      <line num="157" count="2" type="stmt"/>
      <line num="165" count="3" type="stmt"/>
      <line num="166" count="3" type="stmt"/>
      <line num="170" count="3" type="stmt"/>
      <line num="171" count="3" type="cond" truecount="2" falsecount="0"/>
      <line num="172" count="1" type="stmt"/>
      <line num="173" count="1" type="stmt"/>
      <line num="174" count="2" type="cond" truecount="1" falsecount="1"/>
      <line num="175" count="2" type="stmt"/>
      <line num="182" count="3" type="stmt"/>
      <line num="183" count="3" type="stmt"/>
      <line num="189" count="3" type="stmt"/>
      <line num="190" count="3" type="cond" truecount="2" falsecount="0"/>
      <line num="191" count="1" type="stmt"/>
      <line num="192" count="1" type="stmt"/>
      <line num="193" count="2" type="cond" truecount="1" falsecount="1"/>
      <line num="194" count="2" type="stmt"/>
      <line num="201" count="4" type="cond" truecount="1" falsecount="1"/>
      <line num="202" count="4" type="cond" truecount="2" falsecount="0"/>
      <line num="203" count="4" type="stmt"/>
      <line num="209" count="4" type="cond" truecount="4" falsecount="0"/>
      <line num="210" count="2" type="stmt"/>
      <line num="211" count="2" type="cond" truecount="1" falsecount="1"/>
      <line num="212" count="0" type="stmt"/>
      <line num="213" count="0" type="stmt"/>
      <line num="214" count="2" type="cond" truecount="1" falsecount="1"/>
      <line num="215" count="2" type="cond" truecount="2" falsecount="0"/>
      <line num="216" count="2" type="stmt"/>
      <line num="217" count="2" type="stmt"/>
      <line num="218" count="2" type="stmt"/>
      <line num="219" count="12" type="stmt"/>
      <line num="221" count="2" type="stmt"/>
      <line num="225" count="2" type="stmt"/>
      <line num="226" count="2" type="cond" truecount="1" falsecount="1"/>
      <line num="227" count="0" type="stmt"/>
      <line num="228" count="0" type="stmt"/>
      <line num="229" count="2" type="cond" truecount="1" falsecount="1"/>
      <line num="230" count="2" type="stmt"/>
      <line num="238" count="5" type="stmt"/>
      <line num="239" count="5" type="stmt"/>
      <line num="250" count="5" type="stmt"/>
      <line num="251" count="5" type="cond" truecount="2" falsecount="0"/>
      <line num="252" count="1" type="stmt"/>
      <line num="253" count="1" type="stmt"/>
      <line num="254" count="4" type="cond" truecount="1" falsecount="1"/>
      <line num="255" count="4" type="stmt"/>
      <line num="256" count="4" type="stmt"/>
      <line num="257" count="6" type="cond" truecount="2" falsecount="0"/>
      <line num="258" count="1" type="stmt"/>
      <line num="259" count="5" type="cond" truecount="2" falsecount="0"/>
      <line num="260" count="2" type="cond" truecount="2" falsecount="0"/>
      <line num="261" count="1" type="stmt"/>
      <line num="263" count="1" type="stmt"/>
      <line num="265" count="3" type="cond" truecount="2" falsecount="0"/>
      <line num="266" count="1" type="stmt"/>
      <line num="268" count="2" type="stmt"/>
      <line num="271" count="4" type="stmt"/>
      <line num="278" count="6" type="cond" truecount="2" falsecount="0"/>
      <line num="279" count="6" type="cond" truecount="2" falsecount="0"/>
      <line num="280" count="6" type="cond" truecount="1" falsecount="1"/>
      <line num="281" count="6" type="stmt"/>
      <line num="287" count="6" type="stmt"/>
      <line num="288" count="6" type="cond" truecount="2" falsecount="0"/>
      <line num="289" count="1" type="stmt"/>
      <line num="290" count="1" type="stmt"/>
      <line num="291" count="5" type="cond" truecount="1" falsecount="1"/>
      <line num="292" count="5" type="stmt"/>
      <line num="299" count="4" type="stmt"/>
      <line num="300" count="4" type="cond" truecount="2" falsecount="0"/>
      <line num="301" count="4" type="cond" truecount="1" falsecount="1"/>
      <line num="302" count="4" type="stmt"/>
      <line num="316" count="4" type="stmt"/>
      <line num="317" count="4" type="cond" truecount="2" falsecount="0"/>
      <line num="318" count="1" type="stmt"/>
      <line num="319" count="1" type="stmt"/>
      <line num="320" count="3" type="cond" truecount="1" falsecount="1"/>
      <line num="321" count="3" type="cond" truecount="2" falsecount="0"/>
      <line num="322" count="1" type="stmt"/>
      <line num="323" count="1" type="stmt"/>
      <line num="325" count="2" type="stmt"/>
      <line num="333" count="6" type="cond" truecount="2" falsecount="0"/>
      <line num="334" count="6" type="cond" truecount="1" falsecount="1"/>
      <line num="335" count="6" type="cond" truecount="1" falsecount="1"/>
      <line num="336" count="6" type="stmt"/>
      <line num="349" count="6" type="cond" truecount="4" falsecount="0"/>
      <line num="350" count="4" type="stmt"/>
      <line num="351" count="4" type="cond" truecount="1" falsecount="1"/>
      <line num="352" count="0" type="stmt"/>
      <line num="353" count="0" type="stmt"/>
      <line num="354" count="4" type="cond" truecount="1" falsecount="1"/>
      <line num="355" count="4" type="cond" truecount="2" falsecount="0"/>
      <line num="356" count="4" type="stmt"/>
      <line num="357" count="4" type="stmt"/>
      <line num="359" count="4" type="stmt"/>
      <line num="360" count="32" type="stmt"/>
      <line num="362" count="4" type="stmt"/>
      <line num="366" count="2" type="stmt"/>
      <line num="367" count="2" type="cond" truecount="1" falsecount="1"/>
      <line num="368" count="0" type="stmt"/>
      <line num="369" count="0" type="stmt"/>
      <line num="370" count="2" type="cond" truecount="1" falsecount="1"/>
      <line num="371" count="2" type="stmt"/>
      <line num="380" count="3" type="stmt"/>
      <line num="381" count="3" type="stmt"/>
      <line num="387" count="3" type="stmt"/>
      <line num="388" count="3" type="cond" truecount="2" falsecount="0"/>
      <line num="389" count="1" type="stmt"/>
      <line num="390" count="1" type="stmt"/>
      <line num="391" count="2" type="cond" truecount="3" falsecount="1"/>
      <line num="392" count="2" type="stmt"/>
      <line num="393" count="2" type="stmt"/>
      <line num="394" count="1" type="stmt"/>
      <line num="395" count="1" type="stmt"/>
      <line num="396" count="1" type="stmt"/>
      <line num="397" count="1" type="stmt"/>
      <line num="398" count="1" type="stmt"/>
      <line num="399" count="1" type="stmt"/>
      <line num="400" count="1" type="stmt"/>
      <line num="401" count="1" type="stmt"/>
      <line num="403" count="1" type="stmt"/>
      <line num="404" count="1" type="stmt"/>
      <line num="405" count="1" type="stmt"/>
      <line num="408" count="1" type="cond" truecount="1" falsecount="1"/>
      <line num="409" count="1" type="stmt"/>
      <line num="431" count="1" type="stmt"/>
      <line num="432" count="1" type="cond" truecount="1" falsecount="1"/>
      <line num="433" count="0" type="stmt"/>
      <line num="434" count="0" type="stmt"/>
      <line num="435" count="1" type="cond" truecount="1" falsecount="1"/>
      <line num="436" count="1" type="stmt"/>
      <line num="445" count="3" type="stmt"/>
      <line num="446" count="3" type="stmt"/>
      <line num="480" count="3" type="stmt"/>
      <line num="481" count="3" type="cond" truecount="2" falsecount="0"/>
      <line num="482" count="1" type="stmt"/>
      <line num="483" count="1" type="stmt"/>
      <line num="484" count="2" type="cond" truecount="1" falsecount="1"/>
      <line num="485" count="2" type="stmt"/>
      <line num="492" count="3" type="stmt"/>
      <line num="493" count="3" type="cond" truecount="1" falsecount="1"/>
      <line num="494" count="3" type="stmt"/>
      <line num="562" count="3" type="stmt"/>
      <line num="563" count="3" type="cond" truecount="2" falsecount="0"/>
      <line num="564" count="1" type="stmt"/>
      <line num="565" count="1" type="stmt"/>
      <line num="566" count="2" type="cond" truecount="1" falsecount="1"/>
      <line num="567" count="2" type="cond" truecount="2" falsecount="0"/>
      <line num="568" count="1" type="stmt"/>
      <line num="569" count="1" type="stmt"/>
      <line num="571" count="1" type="stmt"/>
      <line num="580" count="1" type="stmt"/>
      <line num="608" count="1" type="stmt"/>
      <line num="609" count="1" type="cond" truecount="1" falsecount="1"/>
      <line num="610" count="0" type="stmt"/>
      <line num="611" count="0" type="stmt"/>
      <line num="612" count="1" type="cond" truecount="1" falsecount="1"/>
      <line num="613" count="1" type="stmt"/>
      <line num="623" count="1" type="stmt"/>
      <line num="624" count="1" type="stmt"/>
      <line num="626" count="1" type="stmt"/>
      <line num="631" count="1" type="stmt"/>
      <line num="632" count="1" type="cond" truecount="1" falsecount="1"/>
      <line num="633" count="0" type="stmt"/>
      <line num="634" count="0" type="stmt"/>
      <line num="635" count="1" type="cond" truecount="1" falsecount="1"/>
      <line num="636" count="1" type="cond" truecount="1" falsecount="1"/>
      <line num="637" count="1" type="stmt"/>
      <line num="638" count="1" type="stmt"/>
      <line num="641" count="0" type="stmt"/>
      <line num="645" count="0" type="stmt"/>
      <line num="646" count="0" type="cond" truecount="0" falsecount="2"/>
      <line num="647" count="0" type="stmt"/>
      <line num="648" count="0" type="stmt"/>
      <line num="649" count="0" type="cond" truecount="0" falsecount="2"/>
      <line num="650" count="0" type="cond" truecount="0" falsecount="2"/>
      <line num="651" count="0" type="stmt"/>
      <line num="653" count="0" type="stmt"/>
      <line num="663" count="3" type="stmt"/>
      <line num="664" count="3" type="stmt"/>
      <line num="666" count="3" type="stmt"/>
      <line num="671" count="3" type="stmt"/>
      <line num="672" count="3" type="cond" truecount="1" falsecount="1"/>
      <line num="673" count="0" type="stmt"/>
      <line num="674" count="0" type="stmt"/>
      <line num="675" count="3" type="cond" truecount="1" falsecount="1"/>
      <line num="676" count="3" type="cond" truecount="2" falsecount="0"/>
      <line num="677" count="1" type="stmt"/>
      <line num="678" count="1" type="stmt"/>
      <line num="681" count="2" type="stmt"/>
      <line num="686" count="2" type="stmt"/>
      <line num="687" count="2" type="cond" truecount="1" falsecount="1"/>
      <line num="688" count="0" type="stmt"/>
      <line num="689" count="0" type="stmt"/>
      <line num="690" count="2" type="cond" truecount="1" falsecount="1"/>
      <line num="691" count="2" type="cond" truecount="2" falsecount="0"/>
      <line num="692" count="1" type="stmt"/>
      <line num="694" count="1" type="stmt"/>
      <line num="704" count="3" type="stmt"/>
      <line num="705" count="3" type="stmt"/>
      <line num="707" count="3" type="stmt"/>
      <line num="712" count="3" type="stmt"/>
      <line num="713" count="3" type="cond" truecount="1" falsecount="1"/>
      <line num="714" count="0" type="stmt"/>
      <line num="715" count="0" type="stmt"/>
      <line num="716" count="3" type="cond" truecount="1" falsecount="1"/>
      <line num="717" count="3" type="cond" truecount="2" falsecount="0"/>
      <line num="718" count="1" type="stmt"/>
      <line num="720" count="2" type="stmt"/>
      <line num="728" count="1" type="stmt"/>
      <line num="729" count="1" type="cond" truecount="1" falsecount="1"/>
      <line num="730" count="1" type="stmt"/>
      <line num="732" count="1" type="stmt"/>
      <line num="753" count="1" type="cond" truecount="2" falsecount="2"/>
      <line num="754" count="0" type="stmt"/>
      <line num="755" count="0" type="cond" truecount="0" falsecount="2"/>
      <line num="756" count="0" type="stmt"/>
      <line num="757" count="0" type="stmt"/>
      <line num="758" count="0" type="cond" truecount="0" falsecount="2"/>
      <line num="759" count="0" type="cond" truecount="0" falsecount="2"/>
      <line num="760" count="0" type="stmt"/>
      <line num="761" count="0" type="stmt"/>
      <line num="763" count="0" type="stmt"/>
      <line num="764" count="0" type="stmt"/>
      <line num="766" count="0" type="stmt"/>
      <line num="770" count="1" type="stmt"/>
      <line num="771" count="1" type="cond" truecount="1" falsecount="1"/>
      <line num="772" count="0" type="stmt"/>
      <line num="773" count="0" type="stmt"/>
      <line num="774" count="1" type="cond" truecount="1" falsecount="1"/>
      <line num="775" count="1" type="stmt"/>
      <line num="783" count="4" type="cond" truecount="5" falsecount="0"/>
      <line num="784" count="1" type="stmt"/>
      <line num="785" count="1" type="stmt"/>
      <line num="787" count="3" type="stmt"/>
      <line num="788" count="3" type="stmt"/>
      <line num="789" count="3" type="stmt"/>
      <line num="791" count="3" type="cond" truecount="2" falsecount="0"/>
      <line num="793" count="2" type="stmt"/>
      <line num="797" count="2" type="stmt"/>
      <line num="798" count="2" type="cond" truecount="1" falsecount="1"/>
      <line num="799" count="0" type="stmt"/>
      <line num="800" count="0" type="stmt"/>
      <line num="801" count="2" type="cond" truecount="2" falsecount="0"/>
      <line num="802" count="1" type="stmt"/>
      <line num="804" count="1" type="stmt"/>
      <line num="809" count="1" type="stmt"/>
      <line num="813" count="1" type="stmt"/>
      <line num="814" count="1" type="cond" truecount="1" falsecount="1"/>
      <line num="815" count="0" type="stmt"/>
      <line num="816" count="0" type="cond" truecount="0" falsecount="2"/>
      <line num="817" count="0" type="stmt"/>
      <line num="819" count="0" type="stmt"/>
      <line num="820" count="1" type="cond" truecount="1" falsecount="1"/>
      <line num="821" count="1" type="stmt"/>
      <line num="823" count="0" type="stmt"/>
      <line num="829" count="1" type="stmt"/>
    </file>
    <file name="server.js" path="C:\Users\lbt12\Documents\cis550-group-1\server\server.js">
      <metrics statements="31" coveredstatements="31" conditionals="2" coveredconditionals="2" methods="1" coveredmethods="1"/>
      <line num="1" count="1" type="stmt"/>
      <line num="2" count="1" type="stmt"/>
      <line num="3" count="1" type="stmt"/>
      <line num="6" count="1" type="stmt"/>
      <line num="7" count="1" type="stmt"/>
      <line num="9" count="1" type="stmt"/>
      <line num="11" count="1" type="stmt"/>
      <line num="13" count="1" type="stmt"/>
      <line num="14" count="1" type="stmt"/>
      <line num="15" count="1" type="stmt"/>
      <line num="16" count="1" type="stmt"/>
      <line num="17" count="1" type="stmt"/>
      <line num="18" count="1" type="stmt"/>
      <line num="19" count="1" type="stmt"/>
      <line num="20" count="1" type="stmt"/>
      <line num="21" count="1" type="stmt"/>
      <line num="22" count="1" type="stmt"/>
      <line num="23" count="1" type="stmt"/>
      <line num="24" count="1" type="stmt"/>
      <line num="25" count="1" type="stmt"/>
      <line num="26" count="1" type="stmt"/>
      <line num="27" count="1" type="stmt"/>
      <line num="28" count="1" type="stmt"/>
      <line num="29" count="1" type="stmt"/>
      <line num="30" count="1" type="stmt"/>
      <line num="31" count="1" type="stmt"/>
      <line num="32" count="1" type="stmt"/>
      <line num="34" count="1" type="cond" truecount="2" falsecount="0"/>
      <line num="35" count="1" type="stmt"/>
      <line num="36" count="1" type="stmt"/>
      <line num="39" count="1" type="stmt"/>
    </file>
  </project>
</coverage>
