{"C:\\Users\\lbt12\\Documents\\cis550-group-1\\server\\routes.js": {"path":"C:\\Users\\lbt12\\Documents\\cis550-group-1\\server\\routes.js","statementMap":{"0":{"start":{"line":1,"column":15},"end":{"line":1,"column":39}},"1":{"start":{"line":2,"column":14},"end":{"line":2,"column":30}},"2":{"start":{"line":3,"column":10},"end":{"line":3,"column":28}},"3":{"start":{"line":5,"column":19},"end":{"line":11,"column":2}},"4":{"start":{"line":12,"column":0},"end":{"line":12,"column":21}},"5":{"start":{"line":15,"column":4},"end":{"line":17,"column":5}},"6":{"start":{"line":16,"column":8},"end":{"line":16,"column":19}},"7":{"start":{"line":18,"column":4},"end":{"line":18,"column":40}},"8":{"start":{"line":19,"column":4},"end":{"line":19,"column":40}},"9":{"start":{"line":20,"column":4},"end":{"line":20,"column":40}},"10":{"start":{"line":22,"column":4},"end":{"line":22,"column":17}},"11":{"start":{"line":27,"column":13},"end":{"line":27,"column":25}},"12":{"start":{"line":28,"column":22},"end":{"line":35,"column":5}},"13":{"start":{"line":36,"column":4},"end":{"line":43,"column":7}},"14":{"start":{"line":37,"column":8},"end":{"line":42,"column":9}},"15":{"start":{"line":38,"column":12},"end":{"line":38,"column":30}},"16":{"start":{"line":39,"column":12},"end":{"line":39,"column":41}},"17":{"start":{"line":40,"column":15},"end":{"line":42,"column":9}},"18":{"start":{"line":41,"column":12},"end":{"line":41,"column":42}},"19":{"start":{"line":48,"column":13},"end":{"line":48,"column":25}},"20":{"start":{"line":49,"column":22},"end":{"line":56,"column":5}},"21":{"start":{"line":57,"column":4},"end":{"line":80,"column":7}},"22":{"start":{"line":58,"column":8},"end":{"line":79,"column":9}},"23":{"start":{"line":59,"column":12},"end":{"line":59,"column":30}},"24":{"start":{"line":60,"column":12},"end":{"line":60,"column":41}},"25":{"start":{"line":61,"column":15},"end":{"line":79,"column":9}},"26":{"start":{"line":62,"column":12},"end":{"line":62,"column":30}},"27":{"start":{"line":63,"column":12},"end":{"line":77,"column":13}},"28":{"start":{"line":63,"column":25},"end":{"line":63,"column":26}},"29":{"start":{"line":64,"column":16},"end":{"line":76,"column":17}},"30":{"start":{"line":65,"column":20},"end":{"line":65,"column":58}},"31":{"start":{"line":66,"column":23},"end":{"line":76,"column":17}},"32":{"start":{"line":67,"column":20},"end":{"line":71,"column":21}},"33":{"start":{"line":68,"column":24},"end":{"line":68,"column":62}},"34":{"start":{"line":70,"column":24},"end":{"line":70,"column":88}},"35":{"start":{"line":72,"column":23},"end":{"line":76,"column":17}},"36":{"start":{"line":73,"column":20},"end":{"line":73,"column":84}},"37":{"start":{"line":75,"column":20},"end":{"line":75,"column":81}},"38":{"start":{"line":78,"column":12},"end":{"line":78,"column":48}},"39":{"start":{"line":85,"column":13},"end":{"line":85,"column":45}},"40":{"start":{"line":86,"column":16},"end":{"line":86,"column":55}},"41":{"start":{"line":87,"column":22},"end":{"line":95,"column":5}},"42":{"start":{"line":97,"column":4},"end":{"line":122,"column":5}},"43":{"start":{"line":98,"column":8},"end":{"line":112,"column":11}},"44":{"start":{"line":99,"column":12},"end":{"line":111,"column":13}},"45":{"start":{"line":100,"column":16},"end":{"line":100,"column":34}},"46":{"start":{"line":101,"column":16},"end":{"line":101,"column":45}},"47":{"start":{"line":102,"column":19},"end":{"line":111,"column":13}},"48":{"start":{"line":103,"column":31},"end":{"line":103,"column":75}},"49":{"start":{"line":104,"column":38},"end":{"line":104,"column":40}},"50":{"start":{"line":105,"column":28},"end":{"line":105,"column":79}},"51":{"start":{"line":107,"column":16},"end":{"line":109,"column":17}},"52":{"start":{"line":107,"column":29},"end":{"line":107,"column":34}},"53":{"start":{"line":108,"column":20},"end":{"line":108,"column":53}},"54":{"start":{"line":110,"column":16},"end":{"line":110,"column":54}},"55":{"start":{"line":114,"column":8},"end":{"line":121,"column":11}},"56":{"start":{"line":115,"column":12},"end":{"line":120,"column":13}},"57":{"start":{"line":116,"column":16},"end":{"line":116,"column":34}},"58":{"start":{"line":117,"column":16},"end":{"line":117,"column":45}},"59":{"start":{"line":118,"column":19},"end":{"line":120,"column":13}},"60":{"start":{"line":119,"column":16},"end":{"line":119,"column":46}},"61":{"start":{"line":127,"column":15},"end":{"line":127,"column":67}},"62":{"start":{"line":128,"column":16},"end":{"line":128,"column":55}},"63":{"start":{"line":129,"column":22},"end":{"line":133,"column":5}},"64":{"start":{"line":135,"column":4},"end":{"line":160,"column":5}},"65":{"start":{"line":136,"column":8},"end":{"line":150,"column":11}},"66":{"start":{"line":137,"column":12},"end":{"line":149,"column":13}},"67":{"start":{"line":138,"column":16},"end":{"line":138,"column":34}},"68":{"start":{"line":139,"column":16},"end":{"line":139,"column":45}},"69":{"start":{"line":140,"column":19},"end":{"line":149,"column":13}},"70":{"start":{"line":141,"column":31},"end":{"line":141,"column":75}},"71":{"start":{"line":142,"column":38},"end":{"line":142,"column":40}},"72":{"start":{"line":143,"column":28},"end":{"line":143,"column":79}},"73":{"start":{"line":145,"column":16},"end":{"line":147,"column":17}},"74":{"start":{"line":145,"column":29},"end":{"line":145,"column":34}},"75":{"start":{"line":146,"column":20},"end":{"line":146,"column":53}},"76":{"start":{"line":148,"column":16},"end":{"line":148,"column":54}},"77":{"start":{"line":152,"column":8},"end":{"line":159,"column":11}},"78":{"start":{"line":153,"column":12},"end":{"line":158,"column":13}},"79":{"start":{"line":154,"column":16},"end":{"line":154,"column":34}},"80":{"start":{"line":155,"column":16},"end":{"line":155,"column":45}},"81":{"start":{"line":156,"column":19},"end":{"line":158,"column":13}},"82":{"start":{"line":157,"column":16},"end":{"line":157,"column":46}},"83":{"start":{"line":165,"column":13},"end":{"line":165,"column":25}},"84":{"start":{"line":166,"column":22},"end":{"line":169,"column":5}},"85":{"start":{"line":170,"column":4},"end":{"line":177,"column":7}},"86":{"start":{"line":171,"column":8},"end":{"line":176,"column":9}},"87":{"start":{"line":172,"column":12},"end":{"line":172,"column":30}},"88":{"start":{"line":173,"column":12},"end":{"line":173,"column":41}},"89":{"start":{"line":174,"column":15},"end":{"line":176,"column":9}},"90":{"start":{"line":175,"column":12},"end":{"line":175,"column":42}},"91":{"start":{"line":182,"column":13},"end":{"line":182,"column":25}},"92":{"start":{"line":183,"column":22},"end":{"line":188,"column":5}},"93":{"start":{"line":189,"column":4},"end":{"line":196,"column":7}},"94":{"start":{"line":190,"column":8},"end":{"line":195,"column":9}},"95":{"start":{"line":191,"column":12},"end":{"line":191,"column":30}},"96":{"start":{"line":192,"column":12},"end":{"line":192,"column":41}},"97":{"start":{"line":193,"column":15},"end":{"line":195,"column":9}},"98":{"start":{"line":194,"column":12},"end":{"line":194,"column":42}},"99":{"start":{"line":201,"column":15},"end":{"line":201,"column":67}},"100":{"start":{"line":202,"column":16},"end":{"line":202,"column":55}},"101":{"start":{"line":203,"column":22},"end":{"line":207,"column":5}},"102":{"start":{"line":209,"column":4},"end":{"line":233,"column":5}},"103":{"start":{"line":210,"column":8},"end":{"line":223,"column":11}},"104":{"start":{"line":211,"column":12},"end":{"line":222,"column":13}},"105":{"start":{"line":212,"column":16},"end":{"line":212,"column":34}},"106":{"start":{"line":213,"column":16},"end":{"line":213,"column":45}},"107":{"start":{"line":214,"column":19},"end":{"line":222,"column":13}},"108":{"start":{"line":215,"column":31},"end":{"line":215,"column":75}},"109":{"start":{"line":216,"column":38},"end":{"line":216,"column":40}},"110":{"start":{"line":217,"column":28},"end":{"line":217,"column":79}},"111":{"start":{"line":218,"column":16},"end":{"line":220,"column":17}},"112":{"start":{"line":218,"column":29},"end":{"line":218,"column":34}},"113":{"start":{"line":219,"column":20},"end":{"line":219,"column":53}},"114":{"start":{"line":221,"column":16},"end":{"line":221,"column":54}},"115":{"start":{"line":225,"column":8},"end":{"line":232,"column":11}},"116":{"start":{"line":226,"column":12},"end":{"line":231,"column":13}},"117":{"start":{"line":227,"column":16},"end":{"line":227,"column":34}},"118":{"start":{"line":228,"column":16},"end":{"line":228,"column":45}},"119":{"start":{"line":229,"column":19},"end":{"line":231,"column":13}},"120":{"start":{"line":230,"column":16},"end":{"line":230,"column":46}},"121":{"start":{"line":238,"column":13},"end":{"line":238,"column":25}},"122":{"start":{"line":239,"column":22},"end":{"line":249,"column":5}},"123":{"start":{"line":250,"column":4},"end":{"line":273,"column":7}},"124":{"start":{"line":251,"column":8},"end":{"line":272,"column":9}},"125":{"start":{"line":252,"column":12},"end":{"line":252,"column":30}},"126":{"start":{"line":253,"column":12},"end":{"line":253,"column":41}},"127":{"start":{"line":254,"column":15},"end":{"line":272,"column":9}},"128":{"start":{"line":255,"column":12},"end":{"line":255,"column":30}},"129":{"start":{"line":256,"column":12},"end":{"line":270,"column":13}},"130":{"start":{"line":256,"column":25},"end":{"line":256,"column":26}},"131":{"start":{"line":257,"column":16},"end":{"line":269,"column":17}},"132":{"start":{"line":258,"column":20},"end":{"line":258,"column":51}},"133":{"start":{"line":259,"column":23},"end":{"line":269,"column":17}},"134":{"start":{"line":260,"column":20},"end":{"line":264,"column":21}},"135":{"start":{"line":261,"column":24},"end":{"line":261,"column":55}},"136":{"start":{"line":263,"column":24},"end":{"line":263,"column":81}},"137":{"start":{"line":265,"column":23},"end":{"line":269,"column":17}},"138":{"start":{"line":266,"column":20},"end":{"line":266,"column":77}},"139":{"start":{"line":268,"column":20},"end":{"line":268,"column":74}},"140":{"start":{"line":271,"column":12},"end":{"line":271,"column":48}},"141":{"start":{"line":278,"column":16},"end":{"line":278,"column":60}},"142":{"start":{"line":279,"column":15},"end":{"line":279,"column":51}},"143":{"start":{"line":280,"column":17},"end":{"line":280,"column":57}},"144":{"start":{"line":281,"column":22},"end":{"line":286,"column":5}},"145":{"start":{"line":287,"column":4},"end":{"line":294,"column":7}},"146":{"start":{"line":288,"column":8},"end":{"line":293,"column":9}},"147":{"start":{"line":289,"column":12},"end":{"line":289,"column":30}},"148":{"start":{"line":290,"column":12},"end":{"line":290,"column":41}},"149":{"start":{"line":291,"column":15},"end":{"line":293,"column":9}},"150":{"start":{"line":292,"column":12},"end":{"line":292,"column":42}},"151":{"start":{"line":299,"column":11},"end":{"line":299,"column":23}},"152":{"start":{"line":300,"column":13},"end":{"line":300,"column":61}},"153":{"start":{"line":301,"column":14},"end":{"line":301,"column":52}},"154":{"start":{"line":302,"column":20},"end":{"line":315,"column":3}},"155":{"start":{"line":316,"column":2},"end":{"line":328,"column":5}},"156":{"start":{"line":317,"column":6},"end":{"line":327,"column":7}},"157":{"start":{"line":318,"column":10},"end":{"line":318,"column":28}},"158":{"start":{"line":319,"column":10},"end":{"line":319,"column":39}},"159":{"start":{"line":320,"column":13},"end":{"line":327,"column":7}},"160":{"start":{"line":321,"column":8},"end":{"line":326,"column":9}},"161":{"start":{"line":322,"column":12},"end":{"line":322,"column":56}},"162":{"start":{"line":323,"column":12},"end":{"line":323,"column":46}},"163":{"start":{"line":325,"column":12},"end":{"line":325,"column":42}},"164":{"start":{"line":333,"column":17},"end":{"line":333,"column":73}},"165":{"start":{"line":334,"column":15},"end":{"line":334,"column":67}},"166":{"start":{"line":335,"column":16},"end":{"line":335,"column":55}},"167":{"start":{"line":336,"column":22},"end":{"line":347,"column":5}},"168":{"start":{"line":349,"column":4},"end":{"line":374,"column":5}},"169":{"start":{"line":350,"column":8},"end":{"line":364,"column":11}},"170":{"start":{"line":351,"column":12},"end":{"line":363,"column":13}},"171":{"start":{"line":352,"column":16},"end":{"line":352,"column":34}},"172":{"start":{"line":353,"column":16},"end":{"line":353,"column":45}},"173":{"start":{"line":354,"column":19},"end":{"line":363,"column":13}},"174":{"start":{"line":355,"column":31},"end":{"line":355,"column":75}},"175":{"start":{"line":356,"column":38},"end":{"line":356,"column":40}},"176":{"start":{"line":357,"column":28},"end":{"line":357,"column":79}},"177":{"start":{"line":359,"column":16},"end":{"line":361,"column":17}},"178":{"start":{"line":359,"column":29},"end":{"line":359,"column":34}},"179":{"start":{"line":360,"column":20},"end":{"line":360,"column":53}},"180":{"start":{"line":362,"column":16},"end":{"line":362,"column":54}},"181":{"start":{"line":366,"column":8},"end":{"line":373,"column":11}},"182":{"start":{"line":367,"column":12},"end":{"line":372,"column":13}},"183":{"start":{"line":368,"column":16},"end":{"line":368,"column":34}},"184":{"start":{"line":369,"column":16},"end":{"line":369,"column":45}},"185":{"start":{"line":370,"column":19},"end":{"line":372,"column":13}},"186":{"start":{"line":371,"column":16},"end":{"line":371,"column":46}},"187":{"start":{"line":380,"column":11},"end":{"line":380,"column":23}},"188":{"start":{"line":381,"column":20},"end":{"line":385,"column":3}},"189":{"start":{"line":387,"column":2},"end":{"line":440,"column":5}},"190":{"start":{"line":388,"column":6},"end":{"line":439,"column":7}},"191":{"start":{"line":389,"column":10},"end":{"line":389,"column":28}},"192":{"start":{"line":390,"column":10},"end":{"line":390,"column":39}},"193":{"start":{"line":391,"column":13},"end":{"line":439,"column":7}},"194":{"start":{"line":392,"column":10},"end":{"line":406,"column":11}},"195":{"start":{"line":393,"column":14},"end":{"line":393,"column":40}},"196":{"start":{"line":394,"column":14},"end":{"line":394,"column":52}},"197":{"start":{"line":395,"column":14},"end":{"line":395,"column":44}},"198":{"start":{"line":396,"column":14},"end":{"line":396,"column":50}},"199":{"start":{"line":397,"column":14},"end":{"line":397,"column":52}},"200":{"start":{"line":398,"column":14},"end":{"line":398,"column":60}},"201":{"start":{"line":399,"column":14},"end":{"line":399,"column":44}},"202":{"start":{"line":400,"column":14},"end":{"line":400,"column":42}},"203":{"start":{"line":401,"column":14},"end":{"line":401,"column":38}},"204":{"start":{"line":403,"column":14},"end":{"line":403,"column":33}},"205":{"start":{"line":404,"column":14},"end":{"line":404,"column":43}},"206":{"start":{"line":405,"column":14},"end":{"line":405,"column":20}},"207":{"start":{"line":408,"column":22},"end":{"line":408,"column":60}},"208":{"start":{"line":409,"column":28},"end":{"line":430,"column":11}},"209":{"start":{"line":431,"column":10},"end":{"line":438,"column":13}},"210":{"start":{"line":432,"column":14},"end":{"line":437,"column":15}},"211":{"start":{"line":433,"column":18},"end":{"line":433,"column":36}},"212":{"start":{"line":434,"column":18},"end":{"line":434,"column":47}},"213":{"start":{"line":435,"column":21},"end":{"line":437,"column":15}},"214":{"start":{"line":436,"column":18},"end":{"line":436,"column":48}},"215":{"start":{"line":445,"column":11},"end":{"line":445,"column":23}},"216":{"start":{"line":446,"column":22},"end":{"line":479,"column":5}},"217":{"start":{"line":480,"column":4},"end":{"line":487,"column":7}},"218":{"start":{"line":481,"column":8},"end":{"line":486,"column":9}},"219":{"start":{"line":482,"column":12},"end":{"line":482,"column":30}},"220":{"start":{"line":483,"column":12},"end":{"line":483,"column":41}},"221":{"start":{"line":484,"column":15},"end":{"line":486,"column":9}},"222":{"start":{"line":485,"column":12},"end":{"line":485,"column":42}},"223":{"start":{"line":492,"column":13},"end":{"line":492,"column":25}},"224":{"start":{"line":493,"column":16},"end":{"line":493,"column":55}},"225":{"start":{"line":494,"column":22},"end":{"line":561,"column":5}},"226":{"start":{"line":562,"column":4},"end":{"line":574,"column":7}},"227":{"start":{"line":563,"column":8},"end":{"line":573,"column":9}},"228":{"start":{"line":564,"column":12},"end":{"line":564,"column":30}},"229":{"start":{"line":565,"column":12},"end":{"line":565,"column":41}},"230":{"start":{"line":566,"column":15},"end":{"line":573,"column":9}},"231":{"start":{"line":567,"column":12},"end":{"line":572,"column":13}},"232":{"start":{"line":568,"column":16},"end":{"line":568,"column":58}},"233":{"start":{"line":569,"column":16},"end":{"line":569,"column":50}},"234":{"start":{"line":571,"column":16},"end":{"line":571,"column":46}},"235":{"start":{"line":580,"column":22},"end":{"line":607,"column":5}},"236":{"start":{"line":608,"column":4},"end":{"line":615,"column":7}},"237":{"start":{"line":609,"column":8},"end":{"line":614,"column":9}},"238":{"start":{"line":610,"column":12},"end":{"line":610,"column":30}},"239":{"start":{"line":611,"column":12},"end":{"line":611,"column":41}},"240":{"start":{"line":612,"column":15},"end":{"line":614,"column":9}},"241":{"start":{"line":613,"column":12},"end":{"line":613,"column":42}},"242":{"start":{"line":623,"column":19},"end":{"line":623,"column":37}},"243":{"start":{"line":624,"column":19},"end":{"line":624,"column":37}},"244":{"start":{"line":626,"column":39},"end":{"line":630,"column":5}},"245":{"start":{"line":631,"column":4},"end":{"line":658,"column":7}},"246":{"start":{"line":632,"column":8},"end":{"line":657,"column":9}},"247":{"start":{"line":633,"column":12},"end":{"line":633,"column":30}},"248":{"start":{"line":634,"column":12},"end":{"line":634,"column":86}},"249":{"start":{"line":635,"column":15},"end":{"line":657,"column":9}},"250":{"start":{"line":636,"column":12},"end":{"line":639,"column":13}},"251":{"start":{"line":637,"column":16},"end":{"line":637,"column":110}},"252":{"start":{"line":638,"column":16},"end":{"line":638,"column":23}},"253":{"start":{"line":641,"column":43},"end":{"line":644,"column":13}},"254":{"start":{"line":645,"column":12},"end":{"line":656,"column":15}},"255":{"start":{"line":646,"column":16},"end":{"line":655,"column":17}},"256":{"start":{"line":647,"column":20},"end":{"line":647,"column":38}},"257":{"start":{"line":648,"column":20},"end":{"line":648,"column":94}},"258":{"start":{"line":649,"column":23},"end":{"line":655,"column":17}},"259":{"start":{"line":650,"column":20},"end":{"line":654,"column":21}},"260":{"start":{"line":651,"column":24},"end":{"line":651,"column":84}},"261":{"start":{"line":653,"column":24},"end":{"line":653,"column":127}},"262":{"start":{"line":663,"column":19},"end":{"line":663,"column":37}},"263":{"start":{"line":664,"column":19},"end":{"line":664,"column":37}},"264":{"start":{"line":666,"column":30},"end":{"line":670,"column":5}},"265":{"start":{"line":671,"column":4},"end":{"line":699,"column":7}},"266":{"start":{"line":672,"column":8},"end":{"line":698,"column":9}},"267":{"start":{"line":673,"column":12},"end":{"line":673,"column":30}},"268":{"start":{"line":674,"column":12},"end":{"line":674,"column":86}},"269":{"start":{"line":675,"column":15},"end":{"line":698,"column":9}},"270":{"start":{"line":676,"column":12},"end":{"line":679,"column":13}},"271":{"start":{"line":677,"column":16},"end":{"line":677,"column":106}},"272":{"start":{"line":678,"column":16},"end":{"line":678,"column":23}},"273":{"start":{"line":681,"column":40},"end":{"line":685,"column":13}},"274":{"start":{"line":686,"column":12},"end":{"line":697,"column":15}},"275":{"start":{"line":687,"column":16},"end":{"line":696,"column":17}},"276":{"start":{"line":688,"column":20},"end":{"line":688,"column":38}},"277":{"start":{"line":689,"column":20},"end":{"line":689,"column":94}},"278":{"start":{"line":690,"column":23},"end":{"line":696,"column":17}},"279":{"start":{"line":691,"column":20},"end":{"line":695,"column":21}},"280":{"start":{"line":692,"column":24},"end":{"line":692,"column":84}},"281":{"start":{"line":694,"column":24},"end":{"line":694,"column":114}},"282":{"start":{"line":704,"column":19},"end":{"line":704,"column":37}},"283":{"start":{"line":705,"column":18},"end":{"line":705,"column":35}},"284":{"start":{"line":707,"column":22},"end":{"line":711,"column":5}},"285":{"start":{"line":712,"column":4},"end":{"line":723,"column":7}},"286":{"start":{"line":713,"column":8},"end":{"line":722,"column":9}},"287":{"start":{"line":714,"column":12},"end":{"line":714,"column":30}},"288":{"start":{"line":715,"column":12},"end":{"line":715,"column":84}},"289":{"start":{"line":716,"column":15},"end":{"line":722,"column":9}},"290":{"start":{"line":717,"column":12},"end":{"line":721,"column":13}},"291":{"start":{"line":718,"column":16},"end":{"line":718,"column":69}},"292":{"start":{"line":720,"column":16},"end":{"line":720,"column":70}},"293":{"start":{"line":728,"column":19},"end":{"line":728,"column":37}},"294":{"start":{"line":729,"column":16},"end":{"line":729,"column":55}},"295":{"start":{"line":730,"column":15},"end":{"line":730,"column":29}},"296":{"start":{"line":732,"column":22},"end":{"line":751,"column":5}},"297":{"start":{"line":753,"column":4},"end":{"line":778,"column":5}},"298":{"start":{"line":754,"column":8},"end":{"line":768,"column":11}},"299":{"start":{"line":755,"column":12},"end":{"line":767,"column":13}},"300":{"start":{"line":756,"column":16},"end":{"line":756,"column":34}},"301":{"start":{"line":757,"column":16},"end":{"line":757,"column":45}},"302":{"start":{"line":758,"column":19},"end":{"line":767,"column":13}},"303":{"start":{"line":759,"column":31},"end":{"line":759,"column":75}},"304":{"start":{"line":760,"column":38},"end":{"line":760,"column":40}},"305":{"start":{"line":761,"column":28},"end":{"line":761,"column":73}},"306":{"start":{"line":763,"column":16},"end":{"line":765,"column":17}},"307":{"start":{"line":763,"column":29},"end":{"line":763,"column":34}},"308":{"start":{"line":764,"column":20},"end":{"line":764,"column":53}},"309":{"start":{"line":766,"column":16},"end":{"line":766,"column":54}},"310":{"start":{"line":770,"column":8},"end":{"line":777,"column":11}},"311":{"start":{"line":771,"column":12},"end":{"line":776,"column":13}},"312":{"start":{"line":772,"column":16},"end":{"line":772,"column":34}},"313":{"start":{"line":773,"column":16},"end":{"line":773,"column":45}},"314":{"start":{"line":774,"column":19},"end":{"line":776,"column":13}},"315":{"start":{"line":775,"column":16},"end":{"line":775,"column":46}},"316":{"start":{"line":783,"column":4},"end":{"line":786,"column":5}},"317":{"start":{"line":784,"column":8},"end":{"line":784,"column":85}},"318":{"start":{"line":785,"column":8},"end":{"line":785,"column":14}},"319":{"start":{"line":787,"column":22},"end":{"line":787,"column":54}},"320":{"start":{"line":788,"column":19},"end":{"line":788,"column":37}},"321":{"start":{"line":789,"column":18},"end":{"line":789,"column":35}},"322":{"start":{"line":791,"column":4},"end":{"line":826,"column":5}},"323":{"start":{"line":793,"column":34},"end":{"line":796,"column":9}},"324":{"start":{"line":797,"column":8},"end":{"line":806,"column":11}},"325":{"start":{"line":798,"column":12},"end":{"line":805,"column":13}},"326":{"start":{"line":799,"column":16},"end":{"line":799,"column":34}},"327":{"start":{"line":800,"column":16},"end":{"line":800,"column":66}},"328":{"start":{"line":801,"column":19},"end":{"line":805,"column":13}},"329":{"start":{"line":802,"column":16},"end":{"line":802,"column":74}},"330":{"start":{"line":804,"column":16},"end":{"line":804,"column":103}},"331":{"start":{"line":809,"column":35},"end":{"line":812,"column":9}},"332":{"start":{"line":813,"column":8},"end":{"line":825,"column":11}},"333":{"start":{"line":814,"column":12},"end":{"line":824,"column":13}},"334":{"start":{"line":815,"column":16},"end":{"line":815,"column":34}},"335":{"start":{"line":816,"column":16},"end":{"line":818,"column":17}},"336":{"start":{"line":817,"column":20},"end":{"line":817,"column":77}},"337":{"start":{"line":819,"column":16},"end":{"line":819,"column":66}},"338":{"start":{"line":820,"column":19},"end":{"line":824,"column":13}},"339":{"start":{"line":821,"column":16},"end":{"line":821,"column":73}},"340":{"start":{"line":823,"column":16},"end":{"line":823,"column":104}},"341":{"start":{"line":829,"column":0},"end":{"line":850,"column":1}}},"fnMap":{"0":{"name":"fixStringInput","decl":{"start":{"line":14,"column":9},"end":{"line":14,"column":23}},"loc":{"start":{"line":14,"column":32},"end":{"line":23,"column":1}},"line":14},"1":{"name":"song","decl":{"start":{"line":26,"column":15},"end":{"line":26,"column":19}},"loc":{"start":{"line":26,"column":30},"end":{"line":44,"column":1}},"line":26},"2":{"name":"(anonymous_2)","decl":{"start":{"line":36,"column":34},"end":{"line":36,"column":35}},"loc":{"start":{"line":36,"column":68},"end":{"line":43,"column":5}},"line":36},"3":{"name":"song_artists","decl":{"start":{"line":47,"column":15},"end":{"line":47,"column":27}},"loc":{"start":{"line":47,"column":38},"end":{"line":81,"column":1}},"line":47},"4":{"name":"(anonymous_4)","decl":{"start":{"line":57,"column":34},"end":{"line":57,"column":35}},"loc":{"start":{"line":57,"column":68},"end":{"line":80,"column":5}},"line":57},"5":{"name":"artist_songs","decl":{"start":{"line":84,"column":15},"end":{"line":84,"column":27}},"loc":{"start":{"line":84,"column":38},"end":{"line":123,"column":1}},"line":84},"6":{"name":"(anonymous_6)","decl":{"start":{"line":98,"column":38},"end":{"line":98,"column":39}},"loc":{"start":{"line":98,"column":72},"end":{"line":112,"column":9}},"line":98},"7":{"name":"(anonymous_7)","decl":{"start":{"line":114,"column":38},"end":{"line":114,"column":39}},"loc":{"start":{"line":114,"column":72},"end":{"line":121,"column":9}},"line":114},"8":{"name":"artist_search","decl":{"start":{"line":126,"column":15},"end":{"line":126,"column":28}},"loc":{"start":{"line":126,"column":39},"end":{"line":161,"column":1}},"line":126},"9":{"name":"(anonymous_9)","decl":{"start":{"line":136,"column":38},"end":{"line":136,"column":39}},"loc":{"start":{"line":136,"column":72},"end":{"line":150,"column":9}},"line":136},"10":{"name":"(anonymous_10)","decl":{"start":{"line":152,"column":38},"end":{"line":152,"column":39}},"loc":{"start":{"line":152,"column":72},"end":{"line":159,"column":9}},"line":152},"11":{"name":"song_charts","decl":{"start":{"line":164,"column":15},"end":{"line":164,"column":26}},"loc":{"start":{"line":164,"column":37},"end":{"line":178,"column":1}},"line":164},"12":{"name":"(anonymous_12)","decl":{"start":{"line":170,"column":34},"end":{"line":170,"column":35}},"loc":{"start":{"line":170,"column":68},"end":{"line":177,"column":5}},"line":170},"13":{"name":"album","decl":{"start":{"line":181,"column":15},"end":{"line":181,"column":20}},"loc":{"start":{"line":181,"column":31},"end":{"line":197,"column":1}},"line":181},"14":{"name":"(anonymous_14)","decl":{"start":{"line":189,"column":34},"end":{"line":189,"column":35}},"loc":{"start":{"line":189,"column":68},"end":{"line":196,"column":5}},"line":189},"15":{"name":"album_search","decl":{"start":{"line":200,"column":15},"end":{"line":200,"column":27}},"loc":{"start":{"line":200,"column":38},"end":{"line":234,"column":1}},"line":200},"16":{"name":"(anonymous_16)","decl":{"start":{"line":210,"column":38},"end":{"line":210,"column":39}},"loc":{"start":{"line":210,"column":72},"end":{"line":223,"column":9}},"line":210},"17":{"name":"(anonymous_17)","decl":{"start":{"line":225,"column":38},"end":{"line":225,"column":39}},"loc":{"start":{"line":225,"column":72},"end":{"line":232,"column":9}},"line":225},"18":{"name":"album_artists","decl":{"start":{"line":237,"column":15},"end":{"line":237,"column":28}},"loc":{"start":{"line":237,"column":39},"end":{"line":274,"column":1}},"line":237},"19":{"name":"(anonymous_19)","decl":{"start":{"line":250,"column":34},"end":{"line":250,"column":35}},"loc":{"start":{"line":250,"column":68},"end":{"line":273,"column":5}},"line":250},"20":{"name":"search_chart","decl":{"start":{"line":277,"column":15},"end":{"line":277,"column":27}},"loc":{"start":{"line":277,"column":38},"end":{"line":295,"column":1}},"line":277},"21":{"name":"(anonymous_21)","decl":{"start":{"line":287,"column":34},"end":{"line":287,"column":35}},"loc":{"start":{"line":287,"column":68},"end":{"line":294,"column":5}},"line":287},"22":{"name":"song_matching_attr","decl":{"start":{"line":298,"column":15},"end":{"line":298,"column":33}},"loc":{"start":{"line":298,"column":44},"end":{"line":329,"column":1}},"line":298},"23":{"name":"(anonymous_23)","decl":{"start":{"line":316,"column":32},"end":{"line":316,"column":33}},"loc":{"start":{"line":316,"column":66},"end":{"line":328,"column":3}},"line":316},"24":{"name":"search","decl":{"start":{"line":332,"column":15},"end":{"line":332,"column":21}},"loc":{"start":{"line":332,"column":32},"end":{"line":375,"column":1}},"line":332},"25":{"name":"(anonymous_25)","decl":{"start":{"line":350,"column":38},"end":{"line":350,"column":39}},"loc":{"start":{"line":350,"column":72},"end":{"line":364,"column":9}},"line":350},"26":{"name":"(anonymous_26)","decl":{"start":{"line":366,"column":38},"end":{"line":366,"column":39}},"loc":{"start":{"line":366,"column":72},"end":{"line":373,"column":9}},"line":366},"27":{"name":"similar","decl":{"start":{"line":379,"column":15},"end":{"line":379,"column":22}},"loc":{"start":{"line":379,"column":33},"end":{"line":441,"column":1}},"line":379},"28":{"name":"(anonymous_28)","decl":{"start":{"line":387,"column":32},"end":{"line":387,"column":33}},"loc":{"start":{"line":387,"column":66},"end":{"line":440,"column":3}},"line":387},"29":{"name":"(anonymous_29)","decl":{"start":{"line":431,"column":40},"end":{"line":431,"column":41}},"loc":{"start":{"line":431,"column":74},"end":{"line":438,"column":11}},"line":431},"30":{"name":"album_similar","decl":{"start":{"line":444,"column":15},"end":{"line":444,"column":28}},"loc":{"start":{"line":444,"column":39},"end":{"line":488,"column":1}},"line":444},"31":{"name":"(anonymous_31)","decl":{"start":{"line":480,"column":34},"end":{"line":480,"column":35}},"loc":{"start":{"line":480,"column":68},"end":{"line":487,"column":5}},"line":480},"32":{"name":"artist_connections","decl":{"start":{"line":491,"column":15},"end":{"line":491,"column":33}},"loc":{"start":{"line":491,"column":44},"end":{"line":575,"column":1}},"line":491},"33":{"name":"(anonymous_33)","decl":{"start":{"line":562,"column":34},"end":{"line":562,"column":35}},"loc":{"start":{"line":562,"column":68},"end":{"line":574,"column":5}},"line":562},"34":{"name":"leaderboard","decl":{"start":{"line":579,"column":15},"end":{"line":579,"column":26}},"loc":{"start":{"line":579,"column":37},"end":{"line":616,"column":1}},"line":579},"35":{"name":"(anonymous_35)","decl":{"start":{"line":608,"column":34},"end":{"line":608,"column":35}},"loc":{"start":{"line":608,"column":68},"end":{"line":615,"column":5}},"line":608},"36":{"name":"register","decl":{"start":{"line":622,"column":15},"end":{"line":622,"column":23}},"loc":{"start":{"line":622,"column":34},"end":{"line":659,"column":1}},"line":622},"37":{"name":"(anonymous_37)","decl":{"start":{"line":631,"column":51},"end":{"line":631,"column":52}},"loc":{"start":{"line":631,"column":85},"end":{"line":658,"column":5}},"line":631},"38":{"name":"(anonymous_38)","decl":{"start":{"line":645,"column":55},"end":{"line":645,"column":56}},"loc":{"start":{"line":645,"column":89},"end":{"line":656,"column":13}},"line":645},"39":{"name":"login","decl":{"start":{"line":662,"column":15},"end":{"line":662,"column":20}},"loc":{"start":{"line":662,"column":31},"end":{"line":700,"column":1}},"line":662},"40":{"name":"(anonymous_40)","decl":{"start":{"line":671,"column":42},"end":{"line":671,"column":43}},"loc":{"start":{"line":671,"column":76},"end":{"line":699,"column":5}},"line":671},"41":{"name":"(anonymous_41)","decl":{"start":{"line":686,"column":52},"end":{"line":686,"column":53}},"loc":{"start":{"line":686,"column":86},"end":{"line":697,"column":13}},"line":686},"42":{"name":"check_song_is_favorite","decl":{"start":{"line":703,"column":15},"end":{"line":703,"column":37}},"loc":{"start":{"line":703,"column":48},"end":{"line":724,"column":1}},"line":703},"43":{"name":"(anonymous_43)","decl":{"start":{"line":712,"column":34},"end":{"line":712,"column":35}},"loc":{"start":{"line":712,"column":68},"end":{"line":723,"column":5}},"line":712},"44":{"name":"get_favorite_songs","decl":{"start":{"line":727,"column":15},"end":{"line":727,"column":33}},"loc":{"start":{"line":727,"column":44},"end":{"line":779,"column":1}},"line":727},"45":{"name":"(anonymous_45)","decl":{"start":{"line":754,"column":38},"end":{"line":754,"column":39}},"loc":{"start":{"line":754,"column":72},"end":{"line":768,"column":9}},"line":754},"46":{"name":"(anonymous_46)","decl":{"start":{"line":770,"column":38},"end":{"line":770,"column":39}},"loc":{"start":{"line":770,"column":72},"end":{"line":777,"column":9}},"line":770},"47":{"name":"toggle_favorite_song","decl":{"start":{"line":782,"column":15},"end":{"line":782,"column":35}},"loc":{"start":{"line":782,"column":46},"end":{"line":827,"column":1}},"line":782},"48":{"name":"(anonymous_48)","decl":{"start":{"line":797,"column":46},"end":{"line":797,"column":47}},"loc":{"start":{"line":797,"column":80},"end":{"line":806,"column":9}},"line":797},"49":{"name":"(anonymous_49)","decl":{"start":{"line":813,"column":47},"end":{"line":813,"column":48}},"loc":{"start":{"line":813,"column":81},"end":{"line":825,"column":9}},"line":813}},"branchMap":{"0":{"loc":{"start":{"line":15,"column":4},"end":{"line":17,"column":5}},"type":"if","locations":[{"start":{"line":15,"column":4},"end":{"line":17,"column":5}},{"start":{"line":15,"column":4},"end":{"line":17,"column":5}}],"line":15},"1":{"loc":{"start":{"line":37,"column":8},"end":{"line":42,"column":9}},"type":"if","locations":[{"start":{"line":37,"column":8},"end":{"line":42,"column":9}},{"start":{"line":37,"column":8},"end":{"line":42,"column":9}}],"line":37},"2":{"loc":{"start":{"line":40,"column":15},"end":{"line":42,"column":9}},"type":"if","locations":[{"start":{"line":40,"column":15},"end":{"line":42,"column":9}},{"start":{"line":40,"column":15},"end":{"line":42,"column":9}}],"line":40},"3":{"loc":{"start":{"line":58,"column":8},"end":{"line":79,"column":9}},"type":"if","locations":[{"start":{"line":58,"column":8},"end":{"line":79,"column":9}},{"start":{"line":58,"column":8},"end":{"line":79,"column":9}}],"line":58},"4":{"loc":{"start":{"line":61,"column":15},"end":{"line":79,"column":9}},"type":"if","locations":[{"start":{"line":61,"column":15},"end":{"line":79,"column":9}},{"start":{"line":61,"column":15},"end":{"line":79,"column":9}}],"line":61},"5":{"loc":{"start":{"line":64,"column":16},"end":{"line":76,"column":17}},"type":"if","locations":[{"start":{"line":64,"column":16},"end":{"line":76,"column":17}},{"start":{"line":64,"column":16},"end":{"line":76,"column":17}}],"line":64},"6":{"loc":{"start":{"line":66,"column":23},"end":{"line":76,"column":17}},"type":"if","locations":[{"start":{"line":66,"column":23},"end":{"line":76,"column":17}},{"start":{"line":66,"column":23},"end":{"line":76,"column":17}}],"line":66},"7":{"loc":{"start":{"line":67,"column":20},"end":{"line":71,"column":21}},"type":"if","locations":[{"start":{"line":67,"column":20},"end":{"line":71,"column":21}},{"start":{"line":67,"column":20},"end":{"line":71,"column":21}}],"line":67},"8":{"loc":{"start":{"line":72,"column":23},"end":{"line":76,"column":17}},"type":"if","locations":[{"start":{"line":72,"column":23},"end":{"line":76,"column":17}},{"start":{"line":72,"column":23},"end":{"line":76,"column":17}}],"line":72},"9":{"loc":{"start":{"line":85,"column":13},"end":{"line":85,"column":45}},"type":"cond-expr","locations":[{"start":{"line":85,"column":28},"end":{"line":85,"column":40}},{"start":{"line":85,"column":43},"end":{"line":85,"column":45}}],"line":85},"10":{"loc":{"start":{"line":86,"column":16},"end":{"line":86,"column":55}},"type":"cond-expr","locations":[{"start":{"line":86,"column":34},"end":{"line":86,"column":49}},{"start":{"line":86,"column":52},"end":{"line":86,"column":55}}],"line":86},"11":{"loc":{"start":{"line":97,"column":4},"end":{"line":122,"column":5}},"type":"if","locations":[{"start":{"line":97,"column":4},"end":{"line":122,"column":5}},{"start":{"line":97,"column":4},"end":{"line":122,"column":5}}],"line":97},"12":{"loc":{"start":{"line":97,"column":8},"end":{"line":97,"column":48}},"type":"binary-expr","locations":[{"start":{"line":97,"column":8},"end":{"line":97,"column":22}},{"start":{"line":97,"column":26},"end":{"line":97,"column":48}}],"line":97},"13":{"loc":{"start":{"line":99,"column":12},"end":{"line":111,"column":13}},"type":"if","locations":[{"start":{"line":99,"column":12},"end":{"line":111,"column":13}},{"start":{"line":99,"column":12},"end":{"line":111,"column":13}}],"line":99},"14":{"loc":{"start":{"line":102,"column":19},"end":{"line":111,"column":13}},"type":"if","locations":[{"start":{"line":102,"column":19},"end":{"line":111,"column":13}},{"start":{"line":102,"column":19},"end":{"line":111,"column":13}}],"line":102},"15":{"loc":{"start":{"line":103,"column":31},"end":{"line":103,"column":75}},"type":"cond-expr","locations":[{"start":{"line":103,"column":52},"end":{"line":103,"column":70}},{"start":{"line":103,"column":73},"end":{"line":103,"column":75}}],"line":103},"16":{"loc":{"start":{"line":115,"column":12},"end":{"line":120,"column":13}},"type":"if","locations":[{"start":{"line":115,"column":12},"end":{"line":120,"column":13}},{"start":{"line":115,"column":12},"end":{"line":120,"column":13}}],"line":115},"17":{"loc":{"start":{"line":118,"column":19},"end":{"line":120,"column":13}},"type":"if","locations":[{"start":{"line":118,"column":19},"end":{"line":120,"column":13}},{"start":{"line":118,"column":19},"end":{"line":120,"column":13}}],"line":118},"18":{"loc":{"start":{"line":127,"column":15},"end":{"line":127,"column":67}},"type":"cond-expr","locations":[{"start":{"line":127,"column":32},"end":{"line":127,"column":62}},{"start":{"line":127,"column":65},"end":{"line":127,"column":67}}],"line":127},"19":{"loc":{"start":{"line":128,"column":16},"end":{"line":128,"column":55}},"type":"cond-expr","locations":[{"start":{"line":128,"column":34},"end":{"line":128,"column":49}},{"start":{"line":128,"column":52},"end":{"line":128,"column":55}}],"line":128},"20":{"loc":{"start":{"line":135,"column":4},"end":{"line":160,"column":5}},"type":"if","locations":[{"start":{"line":135,"column":4},"end":{"line":160,"column":5}},{"start":{"line":135,"column":4},"end":{"line":160,"column":5}}],"line":135},"21":{"loc":{"start":{"line":135,"column":8},"end":{"line":135,"column":48}},"type":"binary-expr","locations":[{"start":{"line":135,"column":8},"end":{"line":135,"column":22}},{"start":{"line":135,"column":26},"end":{"line":135,"column":48}}],"line":135},"22":{"loc":{"start":{"line":137,"column":12},"end":{"line":149,"column":13}},"type":"if","locations":[{"start":{"line":137,"column":12},"end":{"line":149,"column":13}},{"start":{"line":137,"column":12},"end":{"line":149,"column":13}}],"line":137},"23":{"loc":{"start":{"line":140,"column":19},"end":{"line":149,"column":13}},"type":"if","locations":[{"start":{"line":140,"column":19},"end":{"line":149,"column":13}},{"start":{"line":140,"column":19},"end":{"line":149,"column":13}}],"line":140},"24":{"loc":{"start":{"line":141,"column":31},"end":{"line":141,"column":75}},"type":"cond-expr","locations":[{"start":{"line":141,"column":52},"end":{"line":141,"column":70}},{"start":{"line":141,"column":73},"end":{"line":141,"column":75}}],"line":141},"25":{"loc":{"start":{"line":153,"column":12},"end":{"line":158,"column":13}},"type":"if","locations":[{"start":{"line":153,"column":12},"end":{"line":158,"column":13}},{"start":{"line":153,"column":12},"end":{"line":158,"column":13}}],"line":153},"26":{"loc":{"start":{"line":156,"column":19},"end":{"line":158,"column":13}},"type":"if","locations":[{"start":{"line":156,"column":19},"end":{"line":158,"column":13}},{"start":{"line":156,"column":19},"end":{"line":158,"column":13}}],"line":156},"27":{"loc":{"start":{"line":171,"column":8},"end":{"line":176,"column":9}},"type":"if","locations":[{"start":{"line":171,"column":8},"end":{"line":176,"column":9}},{"start":{"line":171,"column":8},"end":{"line":176,"column":9}}],"line":171},"28":{"loc":{"start":{"line":174,"column":15},"end":{"line":176,"column":9}},"type":"if","locations":[{"start":{"line":174,"column":15},"end":{"line":176,"column":9}},{"start":{"line":174,"column":15},"end":{"line":176,"column":9}}],"line":174},"29":{"loc":{"start":{"line":190,"column":8},"end":{"line":195,"column":9}},"type":"if","locations":[{"start":{"line":190,"column":8},"end":{"line":195,"column":9}},{"start":{"line":190,"column":8},"end":{"line":195,"column":9}}],"line":190},"30":{"loc":{"start":{"line":193,"column":15},"end":{"line":195,"column":9}},"type":"if","locations":[{"start":{"line":193,"column":15},"end":{"line":195,"column":9}},{"start":{"line":193,"column":15},"end":{"line":195,"column":9}}],"line":193},"31":{"loc":{"start":{"line":201,"column":15},"end":{"line":201,"column":67}},"type":"cond-expr","locations":[{"start":{"line":201,"column":32},"end":{"line":201,"column":62}},{"start":{"line":201,"column":65},"end":{"line":201,"column":67}}],"line":201},"32":{"loc":{"start":{"line":202,"column":16},"end":{"line":202,"column":55}},"type":"cond-expr","locations":[{"start":{"line":202,"column":34},"end":{"line":202,"column":49}},{"start":{"line":202,"column":52},"end":{"line":202,"column":55}}],"line":202},"33":{"loc":{"start":{"line":209,"column":4},"end":{"line":233,"column":5}},"type":"if","locations":[{"start":{"line":209,"column":4},"end":{"line":233,"column":5}},{"start":{"line":209,"column":4},"end":{"line":233,"column":5}}],"line":209},"34":{"loc":{"start":{"line":209,"column":8},"end":{"line":209,"column":48}},"type":"binary-expr","locations":[{"start":{"line":209,"column":8},"end":{"line":209,"column":22}},{"start":{"line":209,"column":26},"end":{"line":209,"column":48}}],"line":209},"35":{"loc":{"start":{"line":211,"column":12},"end":{"line":222,"column":13}},"type":"if","locations":[{"start":{"line":211,"column":12},"end":{"line":222,"column":13}},{"start":{"line":211,"column":12},"end":{"line":222,"column":13}}],"line":211},"36":{"loc":{"start":{"line":214,"column":19},"end":{"line":222,"column":13}},"type":"if","locations":[{"start":{"line":214,"column":19},"end":{"line":222,"column":13}},{"start":{"line":214,"column":19},"end":{"line":222,"column":13}}],"line":214},"37":{"loc":{"start":{"line":215,"column":31},"end":{"line":215,"column":75}},"type":"cond-expr","locations":[{"start":{"line":215,"column":52},"end":{"line":215,"column":70}},{"start":{"line":215,"column":73},"end":{"line":215,"column":75}}],"line":215},"38":{"loc":{"start":{"line":226,"column":12},"end":{"line":231,"column":13}},"type":"if","locations":[{"start":{"line":226,"column":12},"end":{"line":231,"column":13}},{"start":{"line":226,"column":12},"end":{"line":231,"column":13}}],"line":226},"39":{"loc":{"start":{"line":229,"column":19},"end":{"line":231,"column":13}},"type":"if","locations":[{"start":{"line":229,"column":19},"end":{"line":231,"column":13}},{"start":{"line":229,"column":19},"end":{"line":231,"column":13}}],"line":229},"40":{"loc":{"start":{"line":251,"column":8},"end":{"line":272,"column":9}},"type":"if","locations":[{"start":{"line":251,"column":8},"end":{"line":272,"column":9}},{"start":{"line":251,"column":8},"end":{"line":272,"column":9}}],"line":251},"41":{"loc":{"start":{"line":254,"column":15},"end":{"line":272,"column":9}},"type":"if","locations":[{"start":{"line":254,"column":15},"end":{"line":272,"column":9}},{"start":{"line":254,"column":15},"end":{"line":272,"column":9}}],"line":254},"42":{"loc":{"start":{"line":257,"column":16},"end":{"line":269,"column":17}},"type":"if","locations":[{"start":{"line":257,"column":16},"end":{"line":269,"column":17}},{"start":{"line":257,"column":16},"end":{"line":269,"column":17}}],"line":257},"43":{"loc":{"start":{"line":259,"column":23},"end":{"line":269,"column":17}},"type":"if","locations":[{"start":{"line":259,"column":23},"end":{"line":269,"column":17}},{"start":{"line":259,"column":23},"end":{"line":269,"column":17}}],"line":259},"44":{"loc":{"start":{"line":260,"column":20},"end":{"line":264,"column":21}},"type":"if","locations":[{"start":{"line":260,"column":20},"end":{"line":264,"column":21}},{"start":{"line":260,"column":20},"end":{"line":264,"column":21}}],"line":260},"45":{"loc":{"start":{"line":265,"column":23},"end":{"line":269,"column":17}},"type":"if","locations":[{"start":{"line":265,"column":23},"end":{"line":269,"column":17}},{"start":{"line":265,"column":23},"end":{"line":269,"column":17}}],"line":265},"46":{"loc":{"start":{"line":278,"column":16},"end":{"line":278,"column":60}},"type":"cond-expr","locations":[{"start":{"line":278,"column":34},"end":{"line":278,"column":49}},{"start":{"line":278,"column":52},"end":{"line":278,"column":60}}],"line":278},"47":{"loc":{"start":{"line":279,"column":15},"end":{"line":279,"column":51}},"type":"cond-expr","locations":[{"start":{"line":279,"column":32},"end":{"line":279,"column":46}},{"start":{"line":279,"column":49},"end":{"line":279,"column":51}}],"line":279},"48":{"loc":{"start":{"line":280,"column":17},"end":{"line":280,"column":57}},"type":"cond-expr","locations":[{"start":{"line":280,"column":36},"end":{"line":280,"column":52}},{"start":{"line":280,"column":55},"end":{"line":280,"column":57}}],"line":280},"49":{"loc":{"start":{"line":288,"column":8},"end":{"line":293,"column":9}},"type":"if","locations":[{"start":{"line":288,"column":8},"end":{"line":293,"column":9}},{"start":{"line":288,"column":8},"end":{"line":293,"column":9}}],"line":288},"50":{"loc":{"start":{"line":291,"column":15},"end":{"line":293,"column":9}},"type":"if","locations":[{"start":{"line":291,"column":15},"end":{"line":293,"column":9}},{"start":{"line":291,"column":15},"end":{"line":293,"column":9}}],"line":291},"51":{"loc":{"start":{"line":300,"column":13},"end":{"line":300,"column":61}},"type":"cond-expr","locations":[{"start":{"line":300,"column":30},"end":{"line":300,"column":44}},{"start":{"line":300,"column":47},"end":{"line":300,"column":61}}],"line":300},"52":{"loc":{"start":{"line":301,"column":14},"end":{"line":301,"column":52}},"type":"cond-expr","locations":[{"start":{"line":301,"column":32},"end":{"line":301,"column":47}},{"start":{"line":301,"column":50},"end":{"line":301,"column":52}}],"line":301},"53":{"loc":{"start":{"line":317,"column":6},"end":{"line":327,"column":7}},"type":"if","locations":[{"start":{"line":317,"column":6},"end":{"line":327,"column":7}},{"start":{"line":317,"column":6},"end":{"line":327,"column":7}}],"line":317},"54":{"loc":{"start":{"line":320,"column":13},"end":{"line":327,"column":7}},"type":"if","locations":[{"start":{"line":320,"column":13},"end":{"line":327,"column":7}},{"start":{"line":320,"column":13},"end":{"line":327,"column":7}}],"line":320},"55":{"loc":{"start":{"line":321,"column":8},"end":{"line":326,"column":9}},"type":"if","locations":[{"start":{"line":321,"column":8},"end":{"line":326,"column":9}},{"start":{"line":321,"column":8},"end":{"line":326,"column":9}}],"line":321},"56":{"loc":{"start":{"line":333,"column":17},"end":{"line":333,"column":73}},"type":"cond-expr","locations":[{"start":{"line":333,"column":36},"end":{"line":333,"column":68}},{"start":{"line":333,"column":71},"end":{"line":333,"column":73}}],"line":333},"57":{"loc":{"start":{"line":334,"column":15},"end":{"line":334,"column":67}},"type":"cond-expr","locations":[{"start":{"line":334,"column":32},"end":{"line":334,"column":62}},{"start":{"line":334,"column":65},"end":{"line":334,"column":67}}],"line":334},"58":{"loc":{"start":{"line":335,"column":16},"end":{"line":335,"column":55}},"type":"cond-expr","locations":[{"start":{"line":335,"column":34},"end":{"line":335,"column":49}},{"start":{"line":335,"column":52},"end":{"line":335,"column":55}}],"line":335},"59":{"loc":{"start":{"line":349,"column":4},"end":{"line":374,"column":5}},"type":"if","locations":[{"start":{"line":349,"column":4},"end":{"line":374,"column":5}},{"start":{"line":349,"column":4},"end":{"line":374,"column":5}}],"line":349},"60":{"loc":{"start":{"line":349,"column":8},"end":{"line":349,"column":48}},"type":"binary-expr","locations":[{"start":{"line":349,"column":8},"end":{"line":349,"column":22}},{"start":{"line":349,"column":26},"end":{"line":349,"column":48}}],"line":349},"61":{"loc":{"start":{"line":351,"column":12},"end":{"line":363,"column":13}},"type":"if","locations":[{"start":{"line":351,"column":12},"end":{"line":363,"column":13}},{"start":{"line":351,"column":12},"end":{"line":363,"column":13}}],"line":351},"62":{"loc":{"start":{"line":354,"column":19},"end":{"line":363,"column":13}},"type":"if","locations":[{"start":{"line":354,"column":19},"end":{"line":363,"column":13}},{"start":{"line":354,"column":19},"end":{"line":363,"column":13}}],"line":354},"63":{"loc":{"start":{"line":355,"column":31},"end":{"line":355,"column":75}},"type":"cond-expr","locations":[{"start":{"line":355,"column":52},"end":{"line":355,"column":70}},{"start":{"line":355,"column":73},"end":{"line":355,"column":75}}],"line":355},"64":{"loc":{"start":{"line":367,"column":12},"end":{"line":372,"column":13}},"type":"if","locations":[{"start":{"line":367,"column":12},"end":{"line":372,"column":13}},{"start":{"line":367,"column":12},"end":{"line":372,"column":13}}],"line":367},"65":{"loc":{"start":{"line":370,"column":19},"end":{"line":372,"column":13}},"type":"if","locations":[{"start":{"line":370,"column":19},"end":{"line":372,"column":13}},{"start":{"line":370,"column":19},"end":{"line":372,"column":13}}],"line":370},"66":{"loc":{"start":{"line":388,"column":6},"end":{"line":439,"column":7}},"type":"if","locations":[{"start":{"line":388,"column":6},"end":{"line":439,"column":7}},{"start":{"line":388,"column":6},"end":{"line":439,"column":7}}],"line":388},"67":{"loc":{"start":{"line":391,"column":13},"end":{"line":439,"column":7}},"type":"if","locations":[{"start":{"line":391,"column":13},"end":{"line":439,"column":7}},{"start":{"line":391,"column":13},"end":{"line":439,"column":7}}],"line":391},"68":{"loc":{"start":{"line":391,"column":17},"end":{"line":391,"column":30}},"type":"binary-expr","locations":[{"start":{"line":391,"column":17},"end":{"line":391,"column":24}},{"start":{"line":391,"column":28},"end":{"line":391,"column":30}}],"line":391},"69":{"loc":{"start":{"line":408,"column":22},"end":{"line":408,"column":60}},"type":"cond-expr","locations":[{"start":{"line":408,"column":40},"end":{"line":408,"column":55}},{"start":{"line":408,"column":58},"end":{"line":408,"column":60}}],"line":408},"70":{"loc":{"start":{"line":432,"column":14},"end":{"line":437,"column":15}},"type":"if","locations":[{"start":{"line":432,"column":14},"end":{"line":437,"column":15}},{"start":{"line":432,"column":14},"end":{"line":437,"column":15}}],"line":432},"71":{"loc":{"start":{"line":435,"column":21},"end":{"line":437,"column":15}},"type":"if","locations":[{"start":{"line":435,"column":21},"end":{"line":437,"column":15}},{"start":{"line":435,"column":21},"end":{"line":437,"column":15}}],"line":435},"72":{"loc":{"start":{"line":481,"column":8},"end":{"line":486,"column":9}},"type":"if","locations":[{"start":{"line":481,"column":8},"end":{"line":486,"column":9}},{"start":{"line":481,"column":8},"end":{"line":486,"column":9}}],"line":481},"73":{"loc":{"start":{"line":484,"column":15},"end":{"line":486,"column":9}},"type":"if","locations":[{"start":{"line":484,"column":15},"end":{"line":486,"column":9}},{"start":{"line":484,"column":15},"end":{"line":486,"column":9}}],"line":484},"74":{"loc":{"start":{"line":493,"column":16},"end":{"line":493,"column":55}},"type":"cond-expr","locations":[{"start":{"line":493,"column":34},"end":{"line":493,"column":49}},{"start":{"line":493,"column":52},"end":{"line":493,"column":55}}],"line":493},"75":{"loc":{"start":{"line":563,"column":8},"end":{"line":573,"column":9}},"type":"if","locations":[{"start":{"line":563,"column":8},"end":{"line":573,"column":9}},{"start":{"line":563,"column":8},"end":{"line":573,"column":9}}],"line":563},"76":{"loc":{"start":{"line":566,"column":15},"end":{"line":573,"column":9}},"type":"if","locations":[{"start":{"line":566,"column":15},"end":{"line":573,"column":9}},{"start":{"line":566,"column":15},"end":{"line":573,"column":9}}],"line":566},"77":{"loc":{"start":{"line":567,"column":12},"end":{"line":572,"column":13}},"type":"if","locations":[{"start":{"line":567,"column":12},"end":{"line":572,"column":13}},{"start":{"line":567,"column":12},"end":{"line":572,"column":13}}],"line":567},"78":{"loc":{"start":{"line":609,"column":8},"end":{"line":614,"column":9}},"type":"if","locations":[{"start":{"line":609,"column":8},"end":{"line":614,"column":9}},{"start":{"line":609,"column":8},"end":{"line":614,"column":9}}],"line":609},"79":{"loc":{"start":{"line":612,"column":15},"end":{"line":614,"column":9}},"type":"if","locations":[{"start":{"line":612,"column":15},"end":{"line":614,"column":9}},{"start":{"line":612,"column":15},"end":{"line":614,"column":9}}],"line":612},"80":{"loc":{"start":{"line":632,"column":8},"end":{"line":657,"column":9}},"type":"if","locations":[{"start":{"line":632,"column":8},"end":{"line":657,"column":9}},{"start":{"line":632,"column":8},"end":{"line":657,"column":9}}],"line":632},"81":{"loc":{"start":{"line":635,"column":15},"end":{"line":657,"column":9}},"type":"if","locations":[{"start":{"line":635,"column":15},"end":{"line":657,"column":9}},{"start":{"line":635,"column":15},"end":{"line":657,"column":9}}],"line":635},"82":{"loc":{"start":{"line":636,"column":12},"end":{"line":639,"column":13}},"type":"if","locations":[{"start":{"line":636,"column":12},"end":{"line":639,"column":13}},{"start":{"line":636,"column":12},"end":{"line":639,"column":13}}],"line":636},"83":{"loc":{"start":{"line":646,"column":16},"end":{"line":655,"column":17}},"type":"if","locations":[{"start":{"line":646,"column":16},"end":{"line":655,"column":17}},{"start":{"line":646,"column":16},"end":{"line":655,"column":17}}],"line":646},"84":{"loc":{"start":{"line":649,"column":23},"end":{"line":655,"column":17}},"type":"if","locations":[{"start":{"line":649,"column":23},"end":{"line":655,"column":17}},{"start":{"line":649,"column":23},"end":{"line":655,"column":17}}],"line":649},"85":{"loc":{"start":{"line":650,"column":20},"end":{"line":654,"column":21}},"type":"if","locations":[{"start":{"line":650,"column":20},"end":{"line":654,"column":21}},{"start":{"line":650,"column":20},"end":{"line":654,"column":21}}],"line":650},"86":{"loc":{"start":{"line":672,"column":8},"end":{"line":698,"column":9}},"type":"if","locations":[{"start":{"line":672,"column":8},"end":{"line":698,"column":9}},{"start":{"line":672,"column":8},"end":{"line":698,"column":9}}],"line":672},"87":{"loc":{"start":{"line":675,"column":15},"end":{"line":698,"column":9}},"type":"if","locations":[{"start":{"line":675,"column":15},"end":{"line":698,"column":9}},{"start":{"line":675,"column":15},"end":{"line":698,"column":9}}],"line":675},"88":{"loc":{"start":{"line":676,"column":12},"end":{"line":679,"column":13}},"type":"if","locations":[{"start":{"line":676,"column":12},"end":{"line":679,"column":13}},{"start":{"line":676,"column":12},"end":{"line":679,"column":13}}],"line":676},"89":{"loc":{"start":{"line":687,"column":16},"end":{"line":696,"column":17}},"type":"if","locations":[{"start":{"line":687,"column":16},"end":{"line":696,"column":17}},{"start":{"line":687,"column":16},"end":{"line":696,"column":17}}],"line":687},"90":{"loc":{"start":{"line":690,"column":23},"end":{"line":696,"column":17}},"type":"if","locations":[{"start":{"line":690,"column":23},"end":{"line":696,"column":17}},{"start":{"line":690,"column":23},"end":{"line":696,"column":17}}],"line":690},"91":{"loc":{"start":{"line":691,"column":20},"end":{"line":695,"column":21}},"type":"if","locations":[{"start":{"line":691,"column":20},"end":{"line":695,"column":21}},{"start":{"line":691,"column":20},"end":{"line":695,"column":21}}],"line":691},"92":{"loc":{"start":{"line":713,"column":8},"end":{"line":722,"column":9}},"type":"if","locations":[{"start":{"line":713,"column":8},"end":{"line":722,"column":9}},{"start":{"line":713,"column":8},"end":{"line":722,"column":9}}],"line":713},"93":{"loc":{"start":{"line":716,"column":15},"end":{"line":722,"column":9}},"type":"if","locations":[{"start":{"line":716,"column":15},"end":{"line":722,"column":9}},{"start":{"line":716,"column":15},"end":{"line":722,"column":9}}],"line":716},"94":{"loc":{"start":{"line":717,"column":12},"end":{"line":721,"column":13}},"type":"if","locations":[{"start":{"line":717,"column":12},"end":{"line":721,"column":13}},{"start":{"line":717,"column":12},"end":{"line":721,"column":13}}],"line":717},"95":{"loc":{"start":{"line":729,"column":16},"end":{"line":729,"column":55}},"type":"cond-expr","locations":[{"start":{"line":729,"column":34},"end":{"line":729,"column":49}},{"start":{"line":729,"column":52},"end":{"line":729,"column":55}}],"line":729},"96":{"loc":{"start":{"line":753,"column":4},"end":{"line":778,"column":5}},"type":"if","locations":[{"start":{"line":753,"column":4},"end":{"line":778,"column":5}},{"start":{"line":753,"column":4},"end":{"line":778,"column":5}}],"line":753},"97":{"loc":{"start":{"line":753,"column":8},"end":{"line":753,"column":28}},"type":"binary-expr","locations":[{"start":{"line":753,"column":8},"end":{"line":753,"column":12}},{"start":{"line":753,"column":16},"end":{"line":753,"column":28}}],"line":753},"98":{"loc":{"start":{"line":755,"column":12},"end":{"line":767,"column":13}},"type":"if","locations":[{"start":{"line":755,"column":12},"end":{"line":767,"column":13}},{"start":{"line":755,"column":12},"end":{"line":767,"column":13}}],"line":755},"99":{"loc":{"start":{"line":758,"column":19},"end":{"line":767,"column":13}},"type":"if","locations":[{"start":{"line":758,"column":19},"end":{"line":767,"column":13}},{"start":{"line":758,"column":19},"end":{"line":767,"column":13}}],"line":758},"100":{"loc":{"start":{"line":759,"column":31},"end":{"line":759,"column":75}},"type":"cond-expr","locations":[{"start":{"line":759,"column":52},"end":{"line":759,"column":70}},{"start":{"line":759,"column":73},"end":{"line":759,"column":75}}],"line":759},"101":{"loc":{"start":{"line":771,"column":12},"end":{"line":776,"column":13}},"type":"if","locations":[{"start":{"line":771,"column":12},"end":{"line":776,"column":13}},{"start":{"line":771,"column":12},"end":{"line":776,"column":13}}],"line":771},"102":{"loc":{"start":{"line":774,"column":19},"end":{"line":776,"column":13}},"type":"if","locations":[{"start":{"line":774,"column":19},"end":{"line":776,"column":13}},{"start":{"line":774,"column":19},"end":{"line":776,"column":13}}],"line":774},"103":{"loc":{"start":{"line":783,"column":4},"end":{"line":786,"column":5}},"type":"if","locations":[{"start":{"line":783,"column":4},"end":{"line":786,"column":5}},{"start":{"line":783,"column":4},"end":{"line":786,"column":5}}],"line":783},"104":{"loc":{"start":{"line":783,"column":8},"end":{"line":783,"column":114}},"type":"binary-expr","locations":[{"start":{"line":783,"column":8},"end":{"line":783,"column":43}},{"start":{"line":783,"column":47},"end":{"line":783,"column":79}},{"start":{"line":783,"column":83},"end":{"line":783,"column":114}}],"line":783},"105":{"loc":{"start":{"line":791,"column":4},"end":{"line":826,"column":5}},"type":"if","locations":[{"start":{"line":791,"column":4},"end":{"line":826,"column":5}},{"start":{"line":791,"column":4},"end":{"line":826,"column":5}}],"line":791},"106":{"loc":{"start":{"line":798,"column":12},"end":{"line":805,"column":13}},"type":"if","locations":[{"start":{"line":798,"column":12},"end":{"line":805,"column":13}},{"start":{"line":798,"column":12},"end":{"line":805,"column":13}}],"line":798},"107":{"loc":{"start":{"line":801,"column":19},"end":{"line":805,"column":13}},"type":"if","locations":[{"start":{"line":801,"column":19},"end":{"line":805,"column":13}},{"start":{"line":801,"column":19},"end":{"line":805,"column":13}}],"line":801},"108":{"loc":{"start":{"line":814,"column":12},"end":{"line":824,"column":13}},"type":"if","locations":[{"start":{"line":814,"column":12},"end":{"line":824,"column":13}},{"start":{"line":814,"column":12},"end":{"line":824,"column":13}}],"line":814},"109":{"loc":{"start":{"line":816,"column":16},"end":{"line":818,"column":17}},"type":"if","locations":[{"start":{"line":816,"column":16},"end":{"line":818,"column":17}},{"start":{"line":816,"column":16},"end":{"line":818,"column":17}}],"line":816},"110":{"loc":{"start":{"line":820,"column":19},"end":{"line":824,"column":13}},"type":"if","locations":[{"start":{"line":820,"column":19},"end":{"line":824,"column":13}},{"start":{"line":820,"column":19},"end":{"line":824,"column":13}}],"line":820}},"s":{"0":1,"1":1,"2":1,"3":1,"4":1,"5":14,"6":0,"7":14,"8":14,"9":14,"10":14,"11":3,"12":3,"13":3,"14":3,"15":1,"16":1,"17":2,"18":2,"19":5,"20":5,"21":5,"22":5,"23":1,"24":1,"25":4,"26":4,"27":4,"28":4,"29":6,"30":1,"31":5,"32":2,"33":1,"34":1,"35":3,"36":1,"37":2,"38":4,"39":5,"40":5,"41":5,"42":5,"43":2,"44":2,"45":1,"46":1,"47":1,"48":1,"49":1,"50":1,"51":1,"52":1,"53":2,"54":1,"55":3,"56":3,"57":1,"58":1,"59":2,"60":2,"61":5,"62":5,"63":5,"64":5,"65":3,"66":3,"67":0,"68":0,"69":3,"70":3,"71":3,"72":3,"73":3,"74":3,"75":22,"76":3,"77":2,"78":2,"79":0,"80":0,"81":2,"82":2,"83":3,"84":3,"85":3,"86":3,"87":1,"88":1,"89":2,"90":2,"91":3,"92":3,"93":3,"94":3,"95":1,"96":1,"97":2,"98":2,"99":4,"100":4,"101":4,"102":4,"103":2,"104":2,"105":0,"106":0,"107":2,"108":2,"109":2,"110":2,"111":2,"112":2,"113":12,"114":2,"115":2,"116":2,"117":0,"118":0,"119":2,"120":2,"121":5,"122":5,"123":5,"124":5,"125":1,"126":1,"127":4,"128":4,"129":4,"130":4,"131":6,"132":1,"133":5,"134":2,"135":1,"136":1,"137":3,"138":1,"139":2,"140":4,"141":6,"142":6,"143":6,"144":6,"145":6,"146":6,"147":1,"148":1,"149":5,"150":5,"151":4,"152":4,"153":4,"154":4,"155":4,"156":4,"157":1,"158":1,"159":3,"160":3,"161":1,"162":1,"163":2,"164":6,"165":6,"166":6,"167":6,"168":6,"169":4,"170":4,"171":0,"172":0,"173":4,"174":4,"175":4,"176":4,"177":4,"178":4,"179":32,"180":4,"181":2,"182":2,"183":0,"184":0,"185":2,"186":2,"187":3,"188":3,"189":3,"190":3,"191":1,"192":1,"193":2,"194":2,"195":2,"196":1,"197":1,"198":1,"199":1,"200":1,"201":1,"202":1,"203":1,"204":1,"205":1,"206":1,"207":1,"208":1,"209":1,"210":1,"211":0,"212":0,"213":1,"214":1,"215":3,"216":3,"217":3,"218":3,"219":1,"220":1,"221":2,"222":2,"223":3,"224":3,"225":3,"226":3,"227":3,"228":1,"229":1,"230":2,"231":2,"232":1,"233":1,"234":1,"235":1,"236":1,"237":1,"238":0,"239":0,"240":1,"241":1,"242":1,"243":1,"244":1,"245":1,"246":1,"247":0,"248":0,"249":1,"250":1,"251":1,"252":1,"253":0,"254":0,"255":0,"256":0,"257":0,"258":0,"259":0,"260":0,"261":0,"262":3,"263":3,"264":3,"265":3,"266":3,"267":0,"268":0,"269":3,"270":3,"271":1,"272":1,"273":2,"274":2,"275":2,"276":0,"277":0,"278":2,"279":2,"280":1,"281":1,"282":3,"283":3,"284":3,"285":3,"286":3,"287":0,"288":0,"289":3,"290":3,"291":1,"292":2,"293":1,"294":1,"295":1,"296":1,"297":1,"298":0,"299":0,"300":0,"301":0,"302":0,"303":0,"304":0,"305":0,"306":0,"307":0,"308":0,"309":0,"310":1,"311":1,"312":0,"313":0,"314":1,"315":1,"316":4,"317":1,"318":1,"319":3,"320":3,"321":3,"322":3,"323":2,"324":2,"325":2,"326":0,"327":0,"328":2,"329":1,"330":1,"331":1,"332":1,"333":1,"334":0,"335":0,"336":0,"337":0,"338":1,"339":1,"340":0,"341":1},"f":{"0":14,"1":3,"2":3,"3":5,"4":5,"5":5,"6":2,"7":3,"8":5,"9":3,"10":2,"11":3,"12":3,"13":3,"14":3,"15":4,"16":2,"17":2,"18":5,"19":5,"20":6,"21":6,"22":4,"23":4,"24":6,"25":4,"26":2,"27":3,"28":3,"29":1,"30":3,"31":3,"32":3,"33":3,"34":1,"35":1,"36":1,"37":1,"38":0,"39":3,"40":3,"41":2,"42":3,"43":3,"44":1,"45":0,"46":1,"47":4,"48":2,"49":1},"b":{"0":[0,14],"1":[1,2],"2":[2,0],"3":[1,4],"4":[4,0],"5":[1,5],"6":[2,3],"7":[1,1],"8":[1,2],"9":[5,0],"10":[0,5],"11":[2,3],"12":[5,2],"13":[1,1],"14":[1,0],"15":[1,0],"16":[1,2],"17":[2,0],"18":[5,0],"19":[1,4],"20":[3,2],"21":[5,3],"22":[0,3],"23":[3,0],"24":[2,1],"25":[0,2],"26":[2,0],"27":[1,2],"28":[2,0],"29":[1,2],"30":[2,0],"31":[4,0],"32":[1,3],"33":[2,2],"34":[4,2],"35":[0,2],"36":[2,0],"37":[1,1],"38":[0,2],"39":[2,0],"40":[1,4],"41":[4,0],"42":[1,5],"43":[2,3],"44":[1,1],"45":[1,2],"46":[2,4],"47":[4,2],"48":[0,6],"49":[1,5],"50":[5,0],"51":[2,2],"52":[0,4],"53":[1,3],"54":[3,0],"55":[1,2],"56":[5,1],"57":[0,6],"58":[0,6],"59":[4,2],"60":[6,5],"61":[0,4],"62":[4,0],"63":[2,2],"64":[0,2],"65":[2,0],"66":[1,2],"67":[2,0],"68":[2,2],"69":[0,1],"70":[0,1],"71":[1,0],"72":[1,2],"73":[2,0],"74":[0,3],"75":[1,2],"76":[2,0],"77":[1,1],"78":[0,1],"79":[1,0],"80":[0,1],"81":[1,0],"82":[1,0],"83":[0,0],"84":[0,0],"85":[0,0],"86":[0,3],"87":[3,0],"88":[1,2],"89":[0,2],"90":[2,0],"91":[1,1],"92":[0,3],"93":[3,0],"94":[1,2],"95":[0,1],"96":[0,1],"97":[1,0],"98":[0,0],"99":[0,0],"100":[0,0],"101":[0,1],"102":[1,0],"103":[1,3],"104":[4,4,3],"105":[2,1],"106":[0,2],"107":[1,1],"108":[0,1],"109":[0,0],"110":[1,0]},"_coverageSchema":"1a1c01bbd47fc00a2c39e90264f33305004495a9","hash":"e865a87853d663ad8e9ebded31b93a2ac5790552"}
,"C:\\Users\\lbt12\\Documents\\cis550-group-1\\server\\server.js": {"path":"C:\\Users\\lbt12\\Documents\\cis550-group-1\\server\\server.js","statementMap":{"0":{"start":{"line":1,"column":16},"end":{"line":1,"column":34}},"1":{"start":{"line":2,"column":14},"end":{"line":2,"column":30}},"2":{"start":{"line":3,"column":11},"end":{"line":3,"column":26}},"3":{"start":{"line":6,"column":15},"end":{"line":6,"column":34}},"4":{"start":{"line":7,"column":15},"end":{"line":7,"column":39}},"5":{"start":{"line":9,"column":12},"end":{"line":9,"column":21}},"6":{"start":{"line":11,"column":0},"end":{"line":11,"column":16}},"7":{"start":{"line":13,"column":0},"end":{"line":13,"column":33}},"8":{"start":{"line":14,"column":0},"end":{"line":14,"column":29}},"9":{"start":{"line":15,"column":0},"end":{"line":15,"column":45}},"10":{"start":{"line":16,"column":0},"end":{"line":16,"column":45}},"11":{"start":{"line":17,"column":0},"end":{"line":17,"column":47}},"12":{"start":{"line":18,"column":0},"end":{"line":18,"column":43}},"13":{"start":{"line":19,"column":0},"end":{"line":19,"column":57}},"14":{"start":{"line":20,"column":0},"end":{"line":20,"column":35}},"15":{"start":{"line":21,"column":0},"end":{"line":21,"column":45}},"16":{"start":{"line":22,"column":0},"end":{"line":22,"column":47}},"17":{"start":{"line":23,"column":0},"end":{"line":23,"column":31}},"18":{"start":{"line":24,"column":0},"end":{"line":24,"column":47}},"19":{"start":{"line":25,"column":0},"end":{"line":25,"column":57}},"20":{"start":{"line":26,"column":0},"end":{"line":26,"column":43}},"21":{"start":{"line":27,"column":0},"end":{"line":27,"column":45}},"22":{"start":{"line":28,"column":0},"end":{"line":28,"column":65}},"23":{"start":{"line":29,"column":0},"end":{"line":29,"column":57}},"24":{"start":{"line":30,"column":0},"end":{"line":30,"column":38}},"25":{"start":{"line":31,"column":0},"end":{"line":31,"column":32}},"26":{"start":{"line":32,"column":0},"end":{"line":32,"column":62}},"27":{"start":{"line":34,"column":13},"end":{"line":34,"column":61}},"28":{"start":{"line":35,"column":0},"end":{"line":37,"column":3}},"29":{"start":{"line":36,"column":4},"end":{"line":36,"column":45}},"30":{"start":{"line":39,"column":0},"end":{"line":39,"column":21}}},"fnMap":{"0":{"name":"(anonymous_0)","decl":{"start":{"line":35,"column":17},"end":{"line":35,"column":18}},"loc":{"start":{"line":35,"column":23},"end":{"line":37,"column":1}},"line":35}},"branchMap":{"0":{"loc":{"start":{"line":34,"column":13},"end":{"line":34,"column":61}},"type":"binary-expr","locations":[{"start":{"line":34,"column":13},"end":{"line":34,"column":29}},{"start":{"line":34,"column":33},"end":{"line":34,"column":61}}],"line":34}},"s":{"0":1,"1":1,"2":1,"3":1,"4":1,"5":1,"6":1,"7":1,"8":1,"9":1,"10":1,"11":1,"12":1,"13":1,"14":1,"15":1,"16":1,"17":1,"18":1,"19":1,"20":1,"21":1,"22":1,"23":1,"24":1,"25":1,"26":1,"27":1,"28":1,"29":1,"30":1},"f":{"0":1},"b":{"0":[1,1]},"_coverageSchema":"1a1c01bbd47fc00a2c39e90264f33305004495a9","hash":"6b40fffe9f88d1fcf881d88ae78d8db244799e90"}
}
