TN:
SF:routes.js
FN:14,fixStringInput
FN:26,song
FN:36,(anonymous_2)
FN:47,song_artists
FN:57,(anonymous_4)
FN:84,artist_songs
FN:98,(anonymous_6)
FN:114,(anonymous_7)
FN:126,artist_search
FN:136,(anonymous_9)
FN:152,(anonymous_10)
FN:164,song_charts
FN:170,(anonymous_12)
FN:181,album
FN:189,(anonymous_14)
FN:200,album_search
FN:210,(anonymous_16)
FN:225,(anonymous_17)
FN:237,album_artists
FN:250,(anonymous_19)
FN:277,search_chart
FN:287,(anonymous_21)
FN:298,song_matching_attr
FN:316,(anonymous_23)
FN:332,search
FN:350,(anonymous_25)
FN:366,(anonymous_26)
FN:379,similar
FN:387,(anonymous_28)
FN:431,(anonymous_29)
FN:444,album_similar
FN:480,(anonymous_31)
FN:491,artist_connections
FN:562,(anonymous_33)
FN:579,leaderboard
FN:608,(anonymous_35)
FN:622,register
FN:631,(anonymous_37)
FN:645,(anonymous_38)
FN:662,login
FN:671,(anonymous_40)
FN:686,(anonymous_41)
FN:703,check_song_is_favorite
FN:712,(anonymous_43)
FN:727,get_favorite_songs
FN:754,(anonymous_45)
FN:770,(anonymous_46)
FN:782,toggle_favorite_song
FN:797,(anonymous_48)
FN:813,(anonymous_49)
FNF:50
FNH:48
FNDA:14,fixStringInput
FNDA:3,song
FNDA:3,(anonymous_2)
FNDA:5,song_artists
FNDA:5,(anonymous_4)
FNDA:5,artist_songs
FNDA:2,(anonymous_6)
FNDA:3,(anonymous_7)
FNDA:5,artist_search
FNDA:3,(anonymous_9)
FNDA:2,(anonymous_10)
FNDA:3,song_charts
FNDA:3,(anonymous_12)
FNDA:3,album
FNDA:3,(anonymous_14)
FNDA:4,album_search
FNDA:2,(anonymous_16)
FNDA:2,(anonymous_17)
FNDA:5,album_artists
FNDA:5,(anonymous_19)
FNDA:6,search_chart
FNDA:6,(anonymous_21)
FNDA:4,song_matching_attr
FNDA:4,(anonymous_23)
FNDA:6,search
FNDA:4,(anonymous_25)
FNDA:2,(anonymous_26)
FNDA:3,similar
FNDA:3,(anonymous_28)
FNDA:1,(anonymous_29)
FNDA:3,album_similar
FNDA:3,(anonymous_31)
FNDA:3,artist_connections
FNDA:3,(anonymous_33)
FNDA:1,leaderboard
FNDA:1,(anonymous_35)
FNDA:1,register
FNDA:1,(anonymous_37)
FNDA:0,(anonymous_38)
FNDA:3,login
FNDA:3,(anonymous_40)
FNDA:2,(anonymous_41)
FNDA:3,check_song_is_favorite
FNDA:3,(anonymous_43)
FNDA:1,get_favorite_songs
FNDA:0,(anonymous_45)
FNDA:1,(anonymous_46)
FNDA:4,toggle_favorite_song
FNDA:2,(anonymous_48)
FNDA:1,(anonymous_49)
DA:1,1
DA:2,1
DA:3,1
DA:5,1
DA:12,1
DA:15,14
DA:16,0
DA:18,14
DA:19,14
DA:20,14
DA:22,14
DA:27,3
DA:28,3
DA:36,3
DA:37,3
DA:38,1
DA:39,1
DA:40,2
DA:41,2
DA:48,5
DA:49,5
DA:57,5
DA:58,5
DA:59,1
DA:60,1
DA:61,4
DA:62,4
DA:63,4
DA:64,6
DA:65,1
DA:66,5
DA:67,2
DA:68,1
DA:70,1
DA:72,3
DA:73,1
DA:75,2
DA:78,4
DA:85,5
DA:86,5
DA:87,5
DA:97,5
DA:98,2
DA:99,2
DA:100,1
DA:101,1
DA:102,1
DA:103,1
DA:104,1
DA:105,1
DA:107,1
DA:108,2
DA:110,1
DA:114,3
DA:115,3
DA:116,1
DA:117,1
DA:118,2
DA:119,2
DA:127,5
DA:128,5
DA:129,5
DA:135,5
DA:136,3
DA:137,3
DA:138,0
DA:139,0
DA:140,3
DA:141,3
DA:142,3
DA:143,3
DA:145,3
DA:146,22
DA:148,3
DA:152,2
DA:153,2
DA:154,0
DA:155,0
DA:156,2
DA:157,2
DA:165,3
DA:166,3
DA:170,3
DA:171,3
DA:172,1
DA:173,1
DA:174,2
DA:175,2
DA:182,3
DA:183,3
DA:189,3
DA:190,3
DA:191,1
DA:192,1
DA:193,2
DA:194,2
DA:201,4
DA:202,4
DA:203,4
DA:209,4
DA:210,2
DA:211,2
DA:212,0
DA:213,0
DA:214,2
DA:215,2
DA:216,2
DA:217,2
DA:218,2
DA:219,12
DA:221,2
DA:225,2
DA:226,2
DA:227,0
DA:228,0
DA:229,2
DA:230,2
DA:238,5
DA:239,5
DA:250,5
DA:251,5
DA:252,1
DA:253,1
DA:254,4
DA:255,4
DA:256,4
DA:257,6
DA:258,1
DA:259,5
DA:260,2
DA:261,1
DA:263,1
DA:265,3
DA:266,1
DA:268,2
DA:271,4
DA:278,6
DA:279,6
DA:280,6
DA:281,6
DA:287,6
DA:288,6
DA:289,1
DA:290,1
DA:291,5
DA:292,5
DA:299,4
DA:300,4
DA:301,4
DA:302,4
DA:316,4
DA:317,4
DA:318,1
DA:319,1
DA:320,3
DA:321,3
DA:322,1
DA:323,1
DA:325,2
DA:333,6
DA:334,6
DA:335,6
DA:336,6
DA:349,6
DA:350,4
DA:351,4
DA:352,0
DA:353,0
DA:354,4
DA:355,4
DA:356,4
DA:357,4
DA:359,4
DA:360,32
DA:362,4
DA:366,2
DA:367,2
DA:368,0
DA:369,0
DA:370,2
DA:371,2
DA:380,3
DA:381,3
DA:387,3
DA:388,3
DA:389,1
DA:390,1
DA:391,2
DA:392,2
DA:393,2
DA:394,1
DA:395,1
DA:396,1
DA:397,1
DA:398,1
DA:399,1
DA:400,1
DA:401,1
DA:403,1
DA:404,1
DA:405,1
DA:408,1
DA:409,1
DA:431,1
DA:432,1
DA:433,0
DA:434,0
DA:435,1
DA:436,1
DA:445,3
DA:446,3
DA:480,3
DA:481,3
DA:482,1
DA:483,1
DA:484,2
DA:485,2
DA:492,3
DA:493,3
DA:494,3
DA:562,3
DA:563,3
DA:564,1
DA:565,1
DA:566,2
DA:567,2
DA:568,1
DA:569,1
DA:571,1
DA:580,1
DA:608,1
DA:609,1
DA:610,0
DA:611,0
DA:612,1
DA:613,1
DA:623,1
DA:624,1
DA:626,1
DA:631,1
DA:632,1
DA:633,0
DA:634,0
DA:635,1
DA:636,1
DA:637,1
DA:638,1
DA:641,0
DA:645,0
DA:646,0
DA:647,0
DA:648,0
DA:649,0
DA:650,0
DA:651,0
DA:653,0
DA:663,3
DA:664,3
DA:666,3
DA:671,3
DA:672,3
DA:673,0
DA:674,0
DA:675,3
DA:676,3
DA:677,1
DA:678,1
DA:681,2
DA:686,2
DA:687,2
DA:688,0
DA:689,0
DA:690,2
DA:691,2
DA:692,1
DA:694,1
DA:704,3
DA:705,3
DA:707,3
DA:712,3
DA:713,3
DA:714,0
DA:715,0
DA:716,3
DA:717,3
DA:718,1
DA:720,2
DA:728,1
DA:729,1
DA:730,1
DA:732,1
DA:753,1
DA:754,0
DA:755,0
DA:756,0
DA:757,0
DA:758,0
DA:759,0
DA:760,0
DA:761,0
DA:763,0
DA:764,0
DA:766,0
DA:770,1
DA:771,1
DA:772,0
DA:773,0
DA:774,1
DA:775,1
DA:783,4
DA:784,1
DA:785,1
DA:787,3
DA:788,3
DA:789,3
DA:791,3
DA:793,2
DA:797,2
DA:798,2
DA:799,0
DA:800,0
DA:801,2
DA:802,1
DA:804,1
DA:809,1
DA:813,1
DA:814,1
DA:815,0
DA:816,0
DA:817,0
DA:819,0
DA:820,1
DA:821,1
DA:823,0
DA:829,1
LF:335
LH:281
BRDA:15,0,0,0
BRDA:15,0,1,14
BRDA:37,1,0,1
BRDA:37,1,1,2
BRDA:40,2,0,2
BRDA:40,2,1,0
BRDA:58,3,0,1
BRDA:58,3,1,4
BRDA:61,4,0,4
BRDA:61,4,1,0
BRDA:64,5,0,1
BRDA:64,5,1,5
BRDA:66,6,0,2
BRDA:66,6,1,3
BRDA:67,7,0,1
BRDA:67,7,1,1
BRDA:72,8,0,1
BRDA:72,8,1,2
BRDA:85,9,0,5
BRDA:85,9,1,0
BRDA:86,10,0,0
BRDA:86,10,1,5
BRDA:97,11,0,2
BRDA:97,11,1,3
BRDA:97,12,0,5
BRDA:97,12,1,2
BRDA:99,13,0,1
BRDA:99,13,1,1
BRDA:102,14,0,1
BRDA:102,14,1,0
BRDA:103,15,0,1
BRDA:103,15,1,0
BRDA:115,16,0,1
BRDA:115,16,1,2
BRDA:118,17,0,2
BRDA:118,17,1,0
BRDA:127,18,0,5
BRDA:127,18,1,0
BRDA:128,19,0,1
BRDA:128,19,1,4
BRDA:135,20,0,3
BRDA:135,20,1,2
BRDA:135,21,0,5
BRDA:135,21,1,3
BRDA:137,22,0,0
BRDA:137,22,1,3
BRDA:140,23,0,3
BRDA:140,23,1,0
BRDA:141,24,0,2
BRDA:141,24,1,1
BRDA:153,25,0,0
BRDA:153,25,1,2
BRDA:156,26,0,2
BRDA:156,26,1,0
BRDA:171,27,0,1
BRDA:171,27,1,2
BRDA:174,28,0,2
BRDA:174,28,1,0
BRDA:190,29,0,1
BRDA:190,29,1,2
BRDA:193,30,0,2
BRDA:193,30,1,0
BRDA:201,31,0,4
BRDA:201,31,1,0
BRDA:202,32,0,1
BRDA:202,32,1,3
BRDA:209,33,0,2
BRDA:209,33,1,2
BRDA:209,34,0,4
BRDA:209,34,1,2
BRDA:211,35,0,0
BRDA:211,35,1,2
BRDA:214,36,0,2
BRDA:214,36,1,0
BRDA:215,37,0,1
BRDA:215,37,1,1
BRDA:226,38,0,0
BRDA:226,38,1,2
BRDA:229,39,0,2
BRDA:229,39,1,0
BRDA:251,40,0,1
BRDA:251,40,1,4
BRDA:254,41,0,4
BRDA:254,41,1,0
BRDA:257,42,0,1
BRDA:257,42,1,5
BRDA:259,43,0,2
BRDA:259,43,1,3
BRDA:260,44,0,1
BRDA:260,44,1,1
BRDA:265,45,0,1
BRDA:265,45,1,2
BRDA:278,46,0,2
BRDA:278,46,1,4
BRDA:279,47,0,4
BRDA:279,47,1,2
BRDA:280,48,0,0
BRDA:280,48,1,6
BRDA:288,49,0,1
BRDA:288,49,1,5
BRDA:291,50,0,5
BRDA:291,50,1,0
BRDA:300,51,0,2
BRDA:300,51,1,2
BRDA:301,52,0,0
BRDA:301,52,1,4
BRDA:317,53,0,1
BRDA:317,53,1,3
BRDA:320,54,0,3
BRDA:320,54,1,0
BRDA:321,55,0,1
BRDA:321,55,1,2
BRDA:333,56,0,5
BRDA:333,56,1,1
BRDA:334,57,0,0
BRDA:334,57,1,6
BRDA:335,58,0,0
BRDA:335,58,1,6
BRDA:349,59,0,4
BRDA:349,59,1,2
BRDA:349,60,0,6
BRDA:349,60,1,5
BRDA:351,61,0,0
BRDA:351,61,1,4
BRDA:354,62,0,4
BRDA:354,62,1,0
BRDA:355,63,0,2
BRDA:355,63,1,2
BRDA:367,64,0,0
BRDA:367,64,1,2
BRDA:370,65,0,2
BRDA:370,65,1,0
BRDA:388,66,0,1
BRDA:388,66,1,2
BRDA:391,67,0,2
BRDA:391,67,1,0
BRDA:391,68,0,2
BRDA:391,68,1,2
BRDA:408,69,0,0
BRDA:408,69,1,1
BRDA:432,70,0,0
BRDA:432,70,1,1
BRDA:435,71,0,1
BRDA:435,71,1,0
BRDA:481,72,0,1
BRDA:481,72,1,2
BRDA:484,73,0,2
BRDA:484,73,1,0
BRDA:493,74,0,0
BRDA:493,74,1,3
BRDA:563,75,0,1
BRDA:563,75,1,2
BRDA:566,76,0,2
BRDA:566,76,1,0
BRDA:567,77,0,1
BRDA:567,77,1,1
BRDA:609,78,0,0
BRDA:609,78,1,1
BRDA:612,79,0,1
BRDA:612,79,1,0
BRDA:632,80,0,0
BRDA:632,80,1,1
BRDA:635,81,0,1
BRDA:635,81,1,0
BRDA:636,82,0,1
BRDA:636,82,1,0
BRDA:646,83,0,0
BRDA:646,83,1,0
BRDA:649,84,0,0
BRDA:649,84,1,0
BRDA:650,85,0,0
BRDA:650,85,1,0
BRDA:672,86,0,0
BRDA:672,86,1,3
BRDA:675,87,0,3
BRDA:675,87,1,0
BRDA:676,88,0,1
BRDA:676,88,1,2
BRDA:687,89,0,0
BRDA:687,89,1,2
BRDA:690,90,0,2
BRDA:690,90,1,0
BRDA:691,91,0,1
BRDA:691,91,1,1
BRDA:713,92,0,0
BRDA:713,92,1,3
BRDA:716,93,0,3
BRDA:716,93,1,0
BRDA:717,94,0,1
BRDA:717,94,1,2
BRDA:729,95,0,0
BRDA:729,95,1,1
BRDA:753,96,0,0
BRDA:753,96,1,1
BRDA:753,97,0,1
BRDA:753,97,1,0
BRDA:755,98,0,0
BRDA:755,98,1,0
BRDA:758,99,0,0
BRDA:758,99,1,0
BRDA:759,100,0,0
BRDA:759,100,1,0
BRDA:771,101,0,0
BRDA:771,101,1,1
BRDA:774,102,0,1
BRDA:774,102,1,0
BRDA:783,103,0,1
BRDA:783,103,1,3
BRDA:783,104,0,4
BRDA:783,104,1,4
BRDA:783,104,2,3
BRDA:791,105,0,2
BRDA:791,105,1,1
BRDA:798,106,0,0
BRDA:798,106,1,2
BRDA:801,107,0,1
BRDA:801,107,1,1
BRDA:814,108,0,0
BRDA:814,108,1,1
BRDA:816,109,0,0
BRDA:816,109,1,0
BRDA:820,110,0,1
BRDA:820,110,1,0
BRF:223
BRH:152
end_of_record
TN:
SF:server.js
FN:35,(anonymous_0)
FNF:1
FNH:1
FNDA:1,(anonymous_0)
DA:1,1
DA:2,1
DA:3,1
DA:6,1
DA:7,1
DA:9,1
DA:11,1
DA:13,1
DA:14,1
DA:15,1
DA:16,1
DA:17,1
DA:18,1
DA:19,1
DA:20,1
DA:21,1
DA:22,1
DA:23,1
DA:24,1
DA:25,1
DA:26,1
DA:27,1
DA:28,1
DA:29,1
DA:30,1
DA:31,1
DA:32,1
DA:34,1
DA:35,1
DA:36,1
DA:39,1
LF:31
LH:31
BRDA:34,0,0,1
BRDA:34,0,1,1
BRF:2
BRH:2
end_of_record
